2025-08-08 21:39:48,379 [ERROR] LogOutputStream:75 - [STDERR_REDIRECT] 
2025-08-08 21:40:05,710 [INFO] Activator:176 - 


2025-08-08 21:40:05,713 [INFO] Activator:177 - !SESSION log4j initialized
2025-08-08 21:40:12,682 [INFO] LogOutputStream:77 - [STDOUT_REDIRECT] 
2025-08-08 21:40:20,907 [INFO] ApplicationProperties:184 - Using Application install path: C:\ST\STM32CubeIDE_1.18.1\STM32CubeIDE\plugins\com.st.stm32cube.common.mx_6.15.0.202507011659
2025-08-08 21:40:20,974 [INFO] DbMcusXml:78 - Set database path to: C:\ST\STM32CubeIDE_1.18.1\STM32CubeIDE\plugins\com.st.stm32cube.common.mx_6.15.0.202507011659\\db\/mcu/
2025-08-08 21:40:20,975 [INFO] ApiDb:274 - Set plugin database path to: C:\ST\STM32CubeIDE_1.18.1\STM32CubeIDE\plugins\com.st.stm32cube.common.mx_6.15.0.202507011659\\db\/plugins/boardmanager/
2025-08-08 21:40:20,975 [WARN] ApiDb:259 - Overriding images path with different value:  => C:\ST\STM32CubeIDE_1.18.1\STM32CubeIDE\plugins\com.st.stm32cube.common.mx_6.15.0.202507011659\\db\/plugins/mcufinder/images/
2025-08-08 21:40:20,991 [INFO] ApiDb:250 - Set database path to: C:\Users\yogo\.stmcufinder\plugins\mcufinder//mcu/
2025-08-08 21:40:20,995 [INFO] DbMcusAds:125 - Set database path to: C:\Users\yogo\.stmcufinder\plugins\mcufinder//mcu/
2025-08-08 21:40:21,005 [INFO] CrossReferenceDbSqlite:203 - Set database path to: C:\Users\yogo\.stmcufinder\plugins\mcufinder//mcu/cs/
2025-08-08 21:40:21,264 [INFO] RulesReader:64 - Compatibility file has been processed (317 Rules)
2025-08-08 21:40:21,440 [INFO] DbMcusXml:78 - Set database path to: C:\ST\STM32CubeIDE_1.18.1\STM32CubeIDE\plugins\com.st.stm32cube.common.mx_6.15.0.202507011659\\db\/mcu/
2025-08-08 21:40:21,440 [INFO] ApiDb:274 - Set plugin database path to: C:\ST\STM32CubeIDE_1.18.1\STM32CubeIDE\plugins\com.st.stm32cube.common.mx_6.15.0.202507011659\\db\/plugins/boardmanager/
2025-08-08 21:40:21,440 [INFO] ApiDb:261 - Set plugin images path to: C:\ST\STM32CubeIDE_1.18.1\STM32CubeIDE\plugins\com.st.stm32cube.common.mx_6.15.0.202507011659\\db\/plugins/mcufinder/images/
2025-08-08 21:40:21,440 [WARN] DbFile:41 - Overriding database path with different value: C:\Users\yogo\.stmcufinder\plugins\mcufinder/ => C:\Users\yogo\.stmcufinder\plugins\mcufinder
2025-08-08 21:40:21,440 [INFO] ApiDb:250 - Set database path to: C:\Users\yogo\.stmcufinder\plugins\mcufinder//mcu/
2025-08-08 21:40:21,441 [WARN] DbFile:41 - Overriding database path with different value: C:\Users\yogo\.stmcufinder\plugins\mcufinder/ => C:\Users\yogo\.stmcufinder\plugins\mcufinder
2025-08-08 21:40:21,441 [INFO] DbMcusAds:125 - Set database path to: C:\Users\yogo\.stmcufinder\plugins\mcufinder//mcu/
2025-08-08 21:40:21,441 [WARN] DbFile:41 - Overriding database path with different value: C:\Users\yogo\.stmcufinder\plugins\mcufinder/ => C:\Users\yogo\.stmcufinder\plugins\mcufinder
2025-08-08 21:40:21,441 [WARN] DbFile:41 - Overriding database path with different value: C:\Users\yogo\.stmcufinder\plugins\mcufinder/ => C:\Users\yogo\.stmcufinder\plugins\mcufinder
2025-08-08 21:40:21,449 [INFO] CrossReferenceDbSqlite:203 - Set database path to: C:\Users\yogo\.stmcufinder\plugins\mcufinder//mcu/cs/
2025-08-08 21:40:21,600 [INFO] MainPanel:274 - HeapMemory: 274726912
2025-08-08 21:40:21,817 [INFO] DbMcusXml:78 - Set database path to: C:\ST\STM32CubeIDE_1.18.1\STM32CubeIDE\plugins\com.st.stm32cube.common.mx_6.15.0.202507011659\\db\/mcu/
2025-08-08 21:40:21,817 [INFO] ApiDb:274 - Set plugin database path to: C:\ST\STM32CubeIDE_1.18.1\STM32CubeIDE\plugins\com.st.stm32cube.common.mx_6.15.0.202507011659\\db\/plugins/boardmanager/
2025-08-08 21:40:21,817 [INFO] ApiDb:261 - Set plugin images path to: C:\ST\STM32CubeIDE_1.18.1\STM32CubeIDE\plugins\com.st.stm32cube.common.mx_6.15.0.202507011659\\db\/plugins/mcufinder/images/
2025-08-08 21:40:21,818 [WARN] DbFile:41 - Overriding database path with different value: C:\Users\yogo\.stmcufinder\plugins\mcufinder/ => C:\Users\yogo\.stmcufinder\plugins\mcufinder
2025-08-08 21:40:21,818 [INFO] ApiDb:250 - Set database path to: C:\Users\yogo\.stmcufinder\plugins\mcufinder//mcu/
2025-08-08 21:40:21,819 [WARN] DbFile:41 - Overriding database path with different value: C:\Users\yogo\.stmcufinder\plugins\mcufinder/ => C:\Users\yogo\.stmcufinder\plugins\mcufinder
2025-08-08 21:40:21,819 [INFO] DbMcusAds:125 - Set database path to: C:\Users\yogo\.stmcufinder\plugins\mcufinder//mcu/
2025-08-08 21:40:21,819 [WARN] DbFile:41 - Overriding database path with different value: C:\Users\yogo\.stmcufinder\plugins\mcufinder/ => C:\Users\yogo\.stmcufinder\plugins\mcufinder
2025-08-08 21:40:21,819 [WARN] DbFile:41 - Overriding database path with different value: C:\Users\yogo\.stmcufinder\plugins\mcufinder/ => C:\Users\yogo\.stmcufinder\plugins\mcufinder
2025-08-08 21:40:21,825 [INFO] CrossReferenceDbSqlite:203 - Set database path to: C:\Users\yogo\.stmcufinder\plugins\mcufinder//mcu/cs/
2025-08-08 21:40:21,863 [INFO] ApplicationProperties:184 - Using Application install path: C:\ST\STM32CubeIDE_1.18.1\STM32CubeIDE\plugins\com.st.stm32cube.common.mx_6.15.0.202507011659
2025-08-08 21:40:21,866 [INFO] PluginManage:196 - Search for loadable plugins [exclusion list=, ]
2025-08-08 21:40:21,869 [INFO] PluginManage:310 - Check plugin analytics
2025-08-08 21:40:22,287 [INFO] AnalyticsPlugin:253 - Accepted Software Licenses: STM32CubeMX.6.15.0
2025-08-08 21:40:22,287 [INFO] AnalyticsPlugin:255 - Accepted CMSIS Pack Licenses: 
2025-08-08 21:40:22,288 [INFO] AnalyticsPlugin:257 - Accepted Firmware Licenses: FW.F4.1.28.0
2025-08-08 21:40:22,292 [INFO] PluginManage:359 - Loaded plugin analytics (category:tool,tabindex:-1)
2025-08-08 21:40:22,293 [INFO] PluginManage:310 - Check plugin cadmodel
2025-08-08 21:40:22,302 [INFO] CADModel:105 - Init CAD model plugin
2025-08-08 21:40:22,302 [INFO] PluginManage:359 - Loaded plugin cadmodel (category:power,tabindex:5)
2025-08-08 21:40:22,303 [INFO] PluginManage:310 - Check plugin clock
2025-08-08 21:40:22,322 [INFO] PluginManage:359 - Loaded plugin clock (category:base,tabindex:2)
2025-08-08 21:40:22,323 [INFO] PluginManage:310 - Check plugin ddr
2025-08-08 21:40:22,326 [INFO] PluginManage:359 - Loaded plugin ddr (category:tool,tabindex:6)
2025-08-08 21:40:22,327 [INFO] PluginManage:310 - Check plugin filemanager
2025-08-08 21:40:22,696 [INFO] PluginManage:359 - Loaded plugin filemanager (category:base,tabindex:10)
2025-08-08 21:40:22,696 [INFO] PluginManage:310 - Check plugin ipmanager
2025-08-08 21:40:22,735 [INFO] PluginManage:359 - Loaded plugin ipmanager (category:base,tabindex:5)
2025-08-08 21:40:22,735 [INFO] PluginManage:310 - Check plugin lpbam
2025-08-08 21:40:22,756 [INFO] PluginManage:359 - Loaded plugin lpbam (category:base,tabindex:0)
2025-08-08 21:40:22,757 [INFO] PluginManage:310 - Check plugin memorymap
2025-08-08 21:40:22,795 [INFO] PluginManage:359 - Loaded plugin memorymap (category:base,tabindex:4)
2025-08-08 21:40:22,795 [INFO] PluginManage:310 - Check plugin pinoutandconfiguration
2025-08-08 21:40:22,827 [INFO] PluginManage:359 - Loaded plugin pinoutandconfiguration (category:base,tabindex:1)
2025-08-08 21:40:22,827 [INFO] PluginManage:310 - Check plugin pinoutconfig
2025-08-08 21:40:23,039 [WARN] SupportedApi:132 - Cannot load RTOS API schema: s4s-elt-must-match.1: The content of 'definitions' must match (annotation?, (simpleType | complexType)?, (unique | key | keyref)*)). A problem was found starting at: attribute.
2025-08-08 21:40:23,383 [INFO] PluginManage:359 - Loaded plugin pinoutconfig (category:base,tabindex:0)
2025-08-08 21:40:23,383 [INFO] PluginManage:310 - Check plugin power
2025-08-08 21:40:23,404 [INFO] PluginManage:359 - Loaded plugin power (category:power,tabindex:4)
2025-08-08 21:40:23,404 [INFO] PluginManage:310 - Check plugin projectmanager
2025-08-08 21:40:23,447 [INFO] PluginManage:359 - Loaded plugin projectmanager (category:projectmanager,tabindex:4)
2025-08-08 21:40:23,448 [INFO] PluginManage:310 - Check plugin rif
2025-08-08 21:40:23,467 [INFO] PluginManage:359 - Loaded plugin rif (category:base,tabindex:3)
2025-08-08 21:40:23,468 [INFO] PluginManage:310 - Check plugin thirdparty
2025-08-08 21:40:23,803 [INFO] PluginManage:359 - Loaded plugin thirdparty (category:base,tabindex:-1)
2025-08-08 21:40:23,802 [WARN] IntegrityCheckThread:84 - waiting for thirdparty lock release [integrity check]
2025-08-08 21:40:23,803 [INFO] PluginManage:310 - Check plugin tools
2025-08-08 21:40:23,803 [INFO] IntegrityCheckThread:86 - entering critical section [integrity check]
2025-08-08 21:40:23,804 [INFO] ThirdPartyUpdaterWithRetryManager:70 - Updater plugin not ready yet. [1/15]
2025-08-08 21:40:23,813 [INFO] PluginManage:359 - Loaded plugin tools (category:base,tabindex:7)
2025-08-08 21:40:23,814 [INFO] PluginManage:310 - Check plugin tutovideos
2025-08-08 21:40:24,291 [INFO] PluginManage:359 - Loaded plugin tutovideos (category:base,tabindex:-1)
2025-08-08 21:40:24,292 [INFO] PluginManage:310 - Check plugin updater
2025-08-08 21:40:24,332 [INFO] PluginManage:359 - Loaded plugin updater (category:base,tabindex:12)
2025-08-08 21:40:24,332 [INFO] PluginManage:310 - Check plugin userauth
2025-08-08 21:40:24,343 [INFO] UserAuth:118 - Init User Auth plugin
2025-08-08 21:40:24,344 [INFO] PluginManage:359 - Loaded plugin userauth (category:base,tabindex:14)
2025-08-08 21:40:24,345 [INFO] PluginManage:283 - PluginManage : Loaded plugins [18]
2025-08-08 21:40:24,979 [INFO] PinOutPanel:1589 - setPackage(No Configuration,No Configuration)
2025-08-08 21:40:25,148 [INFO] CADModel:165 - CPN selected for project level
2025-08-08 21:40:25,149 [INFO] CADModel:114 - Register for checkConnection events
2025-08-08 21:40:25,190 [INFO] IPUIPlugin:80 - create IPUIPlugin
2025-08-08 21:40:25,190 [INFO] PluginManager:220 - loadIPPluginJar : add adc
2025-08-08 21:40:25,195 [INFO] IPUIPlugin:80 - create IPUIPlugin
2025-08-08 21:40:25,195 [INFO] PluginManager:220 - loadIPPluginJar : add aes
2025-08-08 21:40:25,200 [INFO] IPUIPlugin:80 - create IPUIPlugin
2025-08-08 21:40:25,200 [INFO] PluginManager:220 - loadIPPluginJar : add can
2025-08-08 21:40:25,204 [INFO] IPUIPlugin:80 - create IPUIPlugin
2025-08-08 21:40:25,204 [INFO] PluginManager:220 - loadIPPluginJar : add comp
2025-08-08 21:40:25,209 [INFO] IPUIPlugin:80 - create IPUIPlugin
2025-08-08 21:40:25,209 [INFO] PluginManager:220 - loadIPPluginJar : add cryp
2025-08-08 21:40:25,216 [INFO] IPUIPlugin:80 - create IPUIPlugin
2025-08-08 21:40:25,216 [INFO] PluginManager:220 - loadIPPluginJar : add ddr_ctrl_phy
2025-08-08 21:40:25,220 [INFO] IPUIPlugin:80 - create IPUIPlugin
2025-08-08 21:40:25,220 [INFO] PluginManager:220 - loadIPPluginJar : add dfsdm
2025-08-08 21:40:25,229 [INFO] IPUIPlugin:80 - create IPUIPlugin
2025-08-08 21:40:25,230 [INFO] PluginManager:220 - loadIPPluginJar : add dma
2025-08-08 21:40:25,235 [INFO] IPUIPlugin:80 - create IPUIPlugin
2025-08-08 21:40:25,235 [INFO] PluginManager:220 - loadIPPluginJar : add dma3
2025-08-08 21:40:25,241 [INFO] IPUIPlugin:80 - create IPUIPlugin
2025-08-08 21:40:25,241 [INFO] PluginManager:220 - loadIPPluginJar : add extmemmanager
2025-08-08 21:40:25,244 [INFO] IPUIPlugin:80 - create IPUIPlugin
2025-08-08 21:40:25,244 [INFO] PluginManager:220 - loadIPPluginJar : add fatfs
2025-08-08 21:40:25,251 [INFO] IPUIPlugin:80 - create IPUIPlugin
2025-08-08 21:40:25,251 [INFO] PluginManager:220 - loadIPPluginJar : add fmc
2025-08-08 21:40:25,260 [INFO] IPUIPlugin:80 - create IPUIPlugin
2025-08-08 21:40:25,260 [INFO] PluginManager:220 - loadIPPluginJar : add freertos
2025-08-08 21:40:25,262 [INFO] IPUIPlugin:80 - create IPUIPlugin
2025-08-08 21:40:25,263 [INFO] PluginManager:220 - loadIPPluginJar : add genericplugin
2025-08-08 21:40:25,268 [INFO] IPUIPlugin:80 - create IPUIPlugin
2025-08-08 21:40:25,268 [INFO] PluginManager:220 - loadIPPluginJar : add gfxmmu
2025-08-08 21:40:25,275 [INFO] IPUIPlugin:80 - create IPUIPlugin
2025-08-08 21:40:25,276 [INFO] PluginManager:220 - loadIPPluginJar : add gic
2025-08-08 21:40:25,282 [INFO] IPUIPlugin:80 - create IPUIPlugin
2025-08-08 21:40:25,282 [INFO] PluginManager:220 - loadIPPluginJar : add gpio
2025-08-08 21:40:25,288 [INFO] IPUIPlugin:80 - create IPUIPlugin
2025-08-08 21:40:25,288 [INFO] PluginManager:220 - loadIPPluginJar : add gtzc
2025-08-08 21:40:25,292 [INFO] IPUIPlugin:80 - create IPUIPlugin
2025-08-08 21:40:25,292 [INFO] PluginManager:220 - loadIPPluginJar : add hash
2025-08-08 21:40:25,298 [INFO] IPUIPlugin:80 - create IPUIPlugin
2025-08-08 21:40:25,299 [INFO] PluginManager:220 - loadIPPluginJar : add i2c
2025-08-08 21:40:25,302 [INFO] IPUIPlugin:80 - create IPUIPlugin
2025-08-08 21:40:25,303 [INFO] PluginManager:220 - loadIPPluginJar : add i2s
2025-08-08 21:40:25,308 [INFO] IPUIPlugin:80 - create IPUIPlugin
2025-08-08 21:40:25,308 [INFO] PluginManager:220 - loadIPPluginJar : add i3c
2025-08-08 21:40:25,315 [INFO] IPUIPlugin:80 - create IPUIPlugin
2025-08-08 21:40:25,316 [INFO] PluginManager:220 - loadIPPluginJar : add ipddr
2025-08-08 21:40:25,326 [INFO] IPUIPlugin:80 - create IPUIPlugin
2025-08-08 21:40:25,327 [INFO] PluginManager:220 - loadIPPluginJar : add linkedlist
2025-08-08 21:40:25,334 [INFO] IPUIPlugin:80 - create IPUIPlugin
2025-08-08 21:40:25,334 [INFO] PluginManager:220 - loadIPPluginJar : add lorawan
2025-08-08 21:40:25,337 [INFO] IPUIPlugin:80 - create IPUIPlugin
2025-08-08 21:40:25,337 [INFO] PluginManager:220 - loadIPPluginJar : add ltdc
2025-08-08 21:40:25,349 [INFO] IPUIPlugin:80 - create IPUIPlugin
2025-08-08 21:40:25,349 [INFO] PluginManager:220 - loadIPPluginJar : add mdma
2025-08-08 21:40:25,356 [INFO] IPUIPlugin:80 - create IPUIPlugin
2025-08-08 21:40:25,356 [INFO] PluginManager:220 - loadIPPluginJar : add nvic
2025-08-08 21:40:25,362 [INFO] IPUIPlugin:80 - create IPUIPlugin
2025-08-08 21:40:25,362 [INFO] PluginManager:220 - loadIPPluginJar : add opamp
2025-08-08 21:40:25,368 [INFO] IPUIPlugin:80 - create IPUIPlugin
2025-08-08 21:40:25,369 [INFO] PluginManager:220 - loadIPPluginJar : add openamp
2025-08-08 21:40:25,376 [INFO] IPUIPlugin:80 - create IPUIPlugin
2025-08-08 21:40:25,376 [INFO] PluginManager:220 - loadIPPluginJar : add pdm2pcm
2025-08-08 21:40:25,393 [INFO] IPUIPlugin:80 - create IPUIPlugin
2025-08-08 21:40:25,398 [INFO] PluginManager:220 - loadIPPluginJar : add plateformsettings
2025-08-08 21:40:25,400 [INFO] IPUIPlugin:80 - create IPUIPlugin
2025-08-08 21:40:25,401 [INFO] PluginManager:220 - loadIPPluginJar : add quadspi
2025-08-08 21:40:25,405 [INFO] IPUIPlugin:80 - create IPUIPlugin
2025-08-08 21:40:25,406 [INFO] PluginManager:220 - loadIPPluginJar : add radio
2025-08-08 21:40:25,413 [INFO] IPUIPlugin:80 - create IPUIPlugin
2025-08-08 21:40:25,413 [INFO] PluginManager:220 - loadIPPluginJar : add resmgrutility
2025-08-08 21:40:25,420 [INFO] IPUIPlugin:80 - create IPUIPlugin
2025-08-08 21:40:25,420 [INFO] PluginManager:220 - loadIPPluginJar : add sai
2025-08-08 21:40:25,424 [INFO] IPUIPlugin:80 - create IPUIPlugin
2025-08-08 21:40:25,424 [INFO] PluginManager:220 - loadIPPluginJar : add spi
2025-08-08 21:40:25,437 [INFO] IPUIPlugin:80 - create IPUIPlugin
2025-08-08 21:40:25,437 [INFO] PluginManager:220 - loadIPPluginJar : add stm32_wpan
2025-08-08 21:40:25,441 [INFO] IPUIPlugin:80 - create IPUIPlugin
2025-08-08 21:40:25,442 [INFO] PluginManager:220 - loadIPPluginJar : add tim
2025-08-08 21:40:25,448 [INFO] IPUIPlugin:80 - create IPUIPlugin
2025-08-08 21:40:25,448 [INFO] PluginManager:220 - loadIPPluginJar : add touchsensing
2025-08-08 21:40:25,452 [INFO] IPUIPlugin:80 - create IPUIPlugin
2025-08-08 21:40:25,452 [INFO] PluginManager:220 - loadIPPluginJar : add tracer_emb
2025-08-08 21:40:25,455 [INFO] IPUIPlugin:80 - create IPUIPlugin
2025-08-08 21:40:25,456 [INFO] PluginManager:220 - loadIPPluginJar : add ts
2025-08-08 21:40:25,460 [INFO] IPUIPlugin:80 - create IPUIPlugin
2025-08-08 21:40:25,460 [INFO] PluginManager:220 - loadIPPluginJar : add tsc
2025-08-08 21:40:25,463 [INFO] IPUIPlugin:80 - create IPUIPlugin
2025-08-08 21:40:25,463 [INFO] PluginManager:220 - loadIPPluginJar : add ucpd
2025-08-08 21:40:25,470 [INFO] IPUIPlugin:80 - create IPUIPlugin
2025-08-08 21:40:25,470 [INFO] PluginManager:220 - loadIPPluginJar : add usart
2025-08-08 21:40:25,475 [INFO] IPUIPlugin:80 - create IPUIPlugin
2025-08-08 21:40:25,476 [INFO] PluginManager:220 - loadIPPluginJar : add usbx
2025-08-08 21:40:25,669 [FATAL] Updater:351 - Updater called before beeing initialized
2025-08-08 21:40:25,739 [INFO] RulesReader:64 - Compatibility file has been processed (317 Rules)
2025-08-08 21:40:25,770 [INFO] RulesReader:64 - Compatibility file has been processed (317 Rules)
2025-08-08 21:40:25,794 [INFO] CADModel:165 - CPN selected for project level
2025-08-08 21:40:25,794 [INFO] CADModel:114 - Register for checkConnection events
2025-08-08 21:40:25,795 [FATAL] Updater:351 - Updater called before beeing initialized
2025-08-08 21:40:25,795 [ERROR] CADModel:125 - Updater not yet initialized, retry later 
2025-08-08 21:40:26,149 [FATAL] Updater:351 - Updater called before beeing initialized
2025-08-08 21:40:26,154 [INFO] CADModel:165 - CPN selected for project level
2025-08-08 21:40:26,154 [INFO] CADModel:114 - Register for checkConnection events
2025-08-08 21:40:26,154 [FATAL] Updater:351 - Updater called before beeing initialized
2025-08-08 21:40:26,154 [ERROR] CADModel:125 - Updater not yet initialized, retry later 
2025-08-08 21:40:26,160 [FATAL] Updater:351 - Updater called before beeing initialized
2025-08-08 21:40:26,543 [FATAL] Updater:351 - Updater called before beeing initialized
2025-08-08 21:40:26,557 [INFO] DbMcusAds:53 - JSON generation date=Tue Jul 08 16:14:23 CST 2025 (1751962463582)
2025-08-08 21:40:26,558 [FATAL] Updater:351 - Updater called before beeing initialized
2025-08-08 21:40:26,647 [WARN] DetailPanel:346 - Failed to get advertising image, set to default
2025-08-08 21:40:26,805 [INFO] ThirdPartyUpdaterWithRetryManager:70 - Updater plugin not ready yet. [2/15]
2025-08-08 21:40:26,823 [FATAL] Updater:351 - Updater called before beeing initialized
2025-08-08 21:40:26,825 [FATAL] Updater:351 - Updater called before beeing initialized
2025-08-08 21:40:26,826 [FATAL] Updater:351 - Updater called before beeing initialized
2025-08-08 21:40:26,826 [WARN] DetailPanel:346 - Failed to get advertising image, set to default
2025-08-08 21:40:26,827 [FATAL] Updater:351 - Updater called before beeing initialized
2025-08-08 21:40:26,945 [ERROR] Updater:1198 - MainUpdater not yet initialized. External WinMGr cannot be set.
2025-08-08 21:40:26,949 [INFO] Updater:1134 - Updater Version found : 6.15.0
2025-08-08 21:40:26,986 [INFO] ApplicationProperties:184 - Using Application install path: C:\ST\STM32CubeIDE_1.18.1\STM32CubeIDE\plugins\com.st.stm32cube.common.mx_6.15.0.202507011659
2025-08-08 21:40:28,580 [ERROR] LogOutputStream:75 - [STDERR_REDIRECT] Aug 08, 2025 9:40:28 PM java.util.prefs.WindowsPreferences <init>
2025-08-08 21:40:28,582 [ERROR] LogOutputStream:75 - [STDERR_REDIRECT] WARNING: Could not open/create prefs root node Software\JavaSoft\Prefs at root 0xffffffff80000002. Windows RegCreateKeyEx(...) returned error code 5.
2025-08-08 21:40:28,583 [ERROR] LogOutputStream:75 - [STDERR_REDIRECT] 
2025-08-08 21:40:29,259 [INFO] MainUpdater:2872 - connection check result : 10
2025-08-08 21:40:29,260 [INFO] MainUpdater:289 - Updater Check For Update Now.
2025-08-08 21:40:29,261 [INFO] MicroXplorer:498 - Change Database Version : DB.6.0.150
2025-08-08 21:40:29,272 [INFO] McuFinderGlobals:63 - Set McuFinder mode to 2 (CubeIDE integrated)
2025-08-08 21:40:29,274 [INFO] UserAuth:487 - Internet connection configuration mode: 1
2025-08-08 21:40:29,312 [INFO] JxBrowserEngine:152 - Initiate JxBrowser Engine with user profile folder
2025-08-08 21:40:29,530 [INFO] CheckServerUpdateThread:120 - End of CheckServer Thread
2025-08-08 21:40:30,243 [WARN] PackLoader:240 - Cannot read IP mode file for STMicroelectronics.FP-SNS-MOTENVWB1.1.4.0
2025-08-08 21:40:30,255 [WARN] PackLoader:240 - Cannot read IP mode file for STMicroelectronics.FP-ATR-ASTRA1.2.0.2
2025-08-08 21:40:30,268 [WARN] PackLoader:240 - Cannot read IP mode file for STMicroelectronics.X-CUBE-SMBUS.2.1.0
2025-08-08 21:40:30,274 [WARN] PackLoader:240 - Cannot read IP mode file for STMicroelectronics.X-CUBE-ST60.1.0.0
2025-08-08 21:40:30,325 [WARN] PackLoader:240 - Cannot read IP mode file for STMicroelectronics.X-CUBE-AZRTOS-F7.1.1.0
2025-08-08 21:40:30,382 [WARN] PackLoader:240 - Cannot read IP mode file for Infineon.AIROC-Wi-Fi-Bluetooth-STM32.1.7.1
2025-08-08 21:40:30,445 [WARN] PackLoader:240 - Cannot read IP mode file for STMicroelectronics.X-CUBE-AZRTOS-H7.3.4.0
2025-08-08 21:40:30,464 [WARN] PackLoader:240 - Cannot read IP mode file for STMicroelectronics.X-CUBE-DISPLAY.3.0.0
2025-08-08 21:40:30,488 [WARN] PackLoader:240 - Cannot read IP mode file for STMicroelectronics.X-CUBE-NFC10.1.0.0
2025-08-08 21:40:30,506 [WARN] PackLoader:240 - Cannot read IP mode file for STMicroelectronics.X-CUBE-BLEMGR.4.0.0
2025-08-08 21:40:30,517 [WARN] PackLoader:240 - Cannot read IP mode file for emotas.I-CUBE-CANOPEN.1.3.0
2025-08-08 21:40:30,525 [WARN] ConditionMgr:438 - getConditionDescription Invalid condition id : Cortex-A Device cause : null
2025-08-08 21:40:30,542 [WARN] ConditionMgr:1044 - genDependencies : Invalid condition id : Cortex-A Device cause : null
2025-08-08 21:40:30,542 [WARN] ConditionMgr:1044 - genDependencies : Invalid condition id : Cortex-A Device cause : null
2025-08-08 21:40:30,542 [WARN] ConditionMgr:1044 - genDependencies : Invalid condition id : Cortex-A Device cause : null
2025-08-08 21:40:30,555 [WARN] PackLoader:240 - Cannot read IP mode file for STMicroelectronics.FP-SNS-STBOX1.2.1.0
2025-08-08 21:40:30,564 [WARN] PackLoader:240 - Cannot read IP mode file for STMicroelectronics.FP-SNS-SMARTAG2.1.2.0
2025-08-08 21:40:30,570 [WARN] PackLoader:240 - Cannot read IP mode file for STMicroelectronics.FP-SNS-FLIGHT1.5.1.0
2025-08-08 21:40:30,583 [INFO] LogOutputStream:77 - [STDOUT_REDIRECT] 1 : Invalid condition id : UX_CORESTACK_Condition cause : null
2025-08-08 21:40:30,584 [INFO] LogOutputStream:77 - [STDOUT_REDIRECT] 1 : Invalid condition id : UX_CORESTACK_Condition cause : null
2025-08-08 21:40:30,586 [INFO] LogOutputStream:77 - [STDOUT_REDIRECT] 1 : Invalid condition id : UX_CORESTACK_Condition cause : null
2025-08-08 21:40:30,589 [INFO] LogOutputStream:77 - [STDOUT_REDIRECT] 1 : Invalid condition id : UX_CORESTACK_Condition cause : null
2025-08-08 21:40:30,591 [INFO] LogOutputStream:77 - [STDOUT_REDIRECT] 1 : Invalid condition id : UX_CORESTACK_Condition cause : null
2025-08-08 21:40:30,595 [WARN] PackLoader:240 - Cannot read IP mode file for STMicroelectronics.X-CUBE-AZRTOS-WL.2.0.0
2025-08-08 21:40:30,612 [WARN] PackLoader:240 - Cannot read IP mode file for STMicroelectronics.FP-SNS-MOTENV1.5.0.0
2025-08-08 21:40:30,623 [WARN] PackLoader:240 - Cannot read IP mode file for WES.I-CUBE-Cesium.1.3.0
2025-08-08 21:40:30,630 [WARN] PackLoader:240 - Cannot read IP mode file for STMicroelectronics.X-CUBE-BLE2.3.3.0
2025-08-08 21:40:30,638 [WARN] PackLoader:240 - Cannot read IP mode file for STMicroelectronics.X-CUBE-NFC9.1.0.0
2025-08-08 21:40:30,655 [WARN] PackLoader:240 - Cannot read IP mode file for wolfSSL.I-CUBE-wolfSSL.5.8.0
2025-08-08 21:40:30,663 [WARN] PackLoader:240 - Cannot read IP mode file for STMicroelectronics.X-CUBE-BLE1.7.1.0
2025-08-08 21:40:30,669 [WARN] PackLoader:240 - Cannot read IP mode file for wolfSSL.I-CUBE-wolfMQTT.1.19.2
2025-08-08 21:40:30,677 [WARN] PackLoader:240 - Cannot read IP mode file for STMicroelectronics.X-CUBE-EEPRMA1.5.2.0
2025-08-08 21:40:30,687 [WARN] PackLoader:240 - Cannot read IP mode file for STMicroelectronics.X-CUBE-AI.10.1.0
2025-08-08 21:40:30,711 [WARN] PackLoader:240 - Cannot read IP mode file for STMicroelectronics.X-CUBE-AZRTOS-G0.1.1.0
2025-08-08 21:40:30,724 [WARN] PackLoader:240 - Cannot read IP mode file for STMicroelectronics.X-CUBE-SAFEA1.1.2.2
2025-08-08 21:40:30,734 [WARN] PackLoader:240 - Cannot read IP mode file for STMicroelectronics.X-CUBE-NFC4.3.0.0
2025-08-08 21:40:30,747 [WARN] PackLoader:240 - Cannot read IP mode file for EmbeddedOffice.I-CUBE-FS-RTOS.1.0.1
2025-08-08 21:40:30,756 [WARN] PackLoader:240 - Cannot read IP mode file for STMicroelectronics.X-CUBE-WB05N.2.0.0
2025-08-08 21:40:30,763 [WARN] PackLoader:240 - Cannot read IP mode file for wolfSSL.I-CUBE-wolfTPM.3.8.0
2025-08-08 21:40:30,773 [WARN] PackLoader:240 - Cannot read IP mode file for STMicroelectronics.X-CUBE-TCPP.4.2.0
2025-08-08 21:40:30,784 [WARN] PackLoader:240 - Cannot read IP mode file for RealThread.X-CUBE-RT-Thread_Nano.4.1.1
2025-08-08 21:40:30,790 [WARN] PackLoader:240 - Cannot read IP mode file for STMicroelectronics.FP-ATR-SIGFOX1.3.2.0
2025-08-08 21:40:30,800 [WARN] PackLoader:240 - Cannot read IP mode file for STMicroelectronics.X-CUBE-EEPRMA1.5.1.0
2025-08-08 21:40:30,812 [WARN] PackLoader:240 - Cannot read IP mode file for ITTIA_DB.I-CUBE-ITTIADB.8.9.0
2025-08-08 21:40:30,821 [WARN] PackLoader:240 - Cannot read IP mode file for STMicroelectronics.X-CUBE-ST67W61.1.0.0
2025-08-08 21:40:30,828 [WARN] PackLoader:240 - Cannot read IP mode file for STMicroelectronics.X-CUBE-AI.10.2.0
2025-08-08 21:40:30,874 [WARN] PackLoader:240 - Cannot read IP mode file for SEGGER.I-CUBE-embOS.1.3.1
2025-08-08 21:40:30,995 [WARN] PackLoader:240 - Cannot read IP mode file for STMicroelectronics.X-CUBE-ALGOBUILD.1.4.0
2025-08-08 21:40:31,082 [WARN] PackLoader:240 - Cannot read IP mode file for STMicroelectronics.X-CUBE-MEMS1.11.3.0
2025-08-08 21:40:31,341 [WARN] PackLoader:240 - Cannot read IP mode file for STMicroelectronics.X-CUBE-PM33A1.1.0.0
2025-08-08 21:40:31,371 [WARN] PackLoader:240 - Cannot read IP mode file for STMicroelectronics.X-CUBE-AZRTOS-F4.1.1.0
2025-08-08 21:40:31,383 [WARN] PackLoader:240 - Cannot read IP mode file for Avnet-IotConnect.X-CUBE-IoTC-DA16k-PMOD.1.0.0
2025-08-08 21:40:31,390 [WARN] PackLoader:240 - Cannot read IP mode file for STMicroelectronics.X-CUBE-ISPU.2.1.0
2025-08-08 21:40:31,401 [WARN] PackLoader:240 - Cannot read IP mode file for STMicroelectronics.X-CUBE-NFC12.1.0.0
2025-08-08 21:40:31,432 [WARN] PackLoader:240 - Cannot read IP mode file for STMicroelectronics.X-CUBE-AZRTOS-L5.2.0.0
2025-08-08 21:40:31,448 [WARN] PackLoader:240 - Cannot read IP mode file for STMicroelectronics.X-CUBE-NFC6.3.1.0
2025-08-08 21:40:31,462 [WARN] PackLoader:240 - Cannot read IP mode file for STMicroelectronics.X-CUBE-FREERTOS.1.3.1
2025-08-08 21:40:31,472 [WARN] PackLoader:240 - Cannot read IP mode file for STMicroelectronics.FP-SNS-STAIOTCFT.1.0.0
2025-08-08 21:40:31,482 [WARN] PackLoader:240 - Cannot read IP mode file for STMicroelectronics.X-CUBE-DPower.1.3.0
2025-08-08 21:40:31,513 [WARN] ConditionMgr:438 - getConditionDescription Invalid condition id : LAN8742 Phy interface Condition cause : null
2025-08-08 21:40:31,514 [WARN] PackLoader:240 - Cannot read IP mode file for STMicroelectronics.X-CUBE-AZRTOS-L4.2.0.0
2025-08-08 21:40:31,517 [WARN] ConditionMgr:1044 - genDependencies : Invalid condition id : LAN8742 Phy interface Condition cause : null
2025-08-08 21:40:31,517 [WARN] ConditionMgr:1044 - genDependencies : Invalid condition id : LAN8742 Phy interface Condition cause : null
2025-08-08 21:40:31,518 [WARN] ConditionMgr:1044 - genDependencies : Invalid condition id : LAN8742 Phy interface Condition cause : null
2025-08-08 21:40:31,531 [WARN] PackLoader:240 - Cannot read IP mode file for STMicroelectronics.X-CUBE-SFXS2LP1.4.0.0
2025-08-08 21:40:31,552 [WARN] PackLoader:240 - Cannot read IP mode file for STMicroelectronics.X-CUBE-BLEMGR.4.1.0
2025-08-08 21:40:31,729 [WARN] ConditionMgr:438 - getConditionDescription Invalid condition id : UX DEVICE CLASS RTOS Condition cause : null
2025-08-08 21:40:31,729 [WARN] ConditionMgr:438 - getConditionDescription Invalid condition id : UX DEVICE CLASS RTOS Condition cause : null
2025-08-08 21:40:31,734 [WARN] PackLoader:240 - Cannot read IP mode file for STMicroelectronics.X-CUBE-AZRTOS-WB.2.0.0
2025-08-08 21:40:31,735 [WARN] ConditionMgr:1044 - genDependencies : Invalid condition id : UX DEVICE CLASS RTOS Condition cause : null
2025-08-08 21:40:31,736 [WARN] ConditionMgr:1044 - genDependencies : Invalid condition id : UX DEVICE CLASS RTOS Condition cause : null
2025-08-08 21:40:31,736 [WARN] ConditionMgr:1044 - genDependencies : Invalid condition id : UX DEVICE CLASS RTOS Condition cause : null
2025-08-08 21:40:31,737 [WARN] ConditionMgr:1044 - genDependencies : Invalid condition id : UX DEVICE CLASS RTOS Condition cause : null
2025-08-08 21:40:31,737 [WARN] ConditionMgr:1044 - genDependencies : Invalid condition id : UX DEVICE CLASS RTOS Condition cause : null
2025-08-08 21:40:31,748 [WARN] PackLoader:240 - Cannot read IP mode file for STMicroelectronics.X-CUBE-GNSS1.7.0.1
2025-08-08 21:40:31,815 [WARN] PackLoader:240 - Cannot read IP mode file for STMicroelectronics.X-CUBE-TOUCHGFX.4.25.0
2025-08-08 21:40:31,839 [WARN] PackLoader:240 - Cannot read IP mode file for STMicroelectronics.FP-SNS-STBOX1.2.0.0
2025-08-08 21:40:31,859 [WARN] PackLoader:240 - Cannot read IP mode file for STMicroelectronics.X-CUBE-SUBG2.5.0.0
2025-08-08 21:40:31,898 [WARN] PackLoader:240 - Cannot read IP mode file for STMicroelectronics.X-CUBE-AZRTOS-H7RS.1.1.0
2025-08-08 21:40:31,911 [WARN] PackLoader:240 - Cannot read IP mode file for Cesanta.I-CUBE-Mongoose.7.13.0
2025-08-08 21:40:31,935 [WARN] PackLoader:240 - Cannot read IP mode file for STMicroelectronics.X-CUBE-AZRTOS-G4.2.0.0
2025-08-08 21:40:31,943 [WARN] PackLoader:240 - Cannot read IP mode file for wolfSSL.I-CUBE-wolfSSH.1.4.20
2025-08-08 21:40:31,950 [WARN] PackLoader:240 - Cannot read IP mode file for STMicroelectronics.X-CUBE-NFC7.2.0.0
2025-08-08 21:40:31,975 [WARN] PackLoader:240 - Cannot read IP mode file for STMicroelectronics.X-CUBE-IPS.3.1.0
2025-08-08 21:40:31,991 [WARN] PackLoader:240 - Cannot read IP mode file for STMicroelectronics.X-CUBE-ALS.1.0.2
2025-08-08 21:40:32,000 [WARN] PackLoader:240 - Cannot read IP mode file for portGmbH.I-Cube-SoM-uGOAL.1.1.0
2025-08-08 21:40:32,020 [WARN] PackLoader:240 - Cannot read IP mode file for STMicroelectronics.X-CUBE-TOF1.3.4.3
2025-08-08 21:40:32,040 [INFO] ThirdParty:978 - Integrity check success = true
2025-08-08 21:40:32,040 [INFO] IntegrityCheckThread:100 - exiting critical section [integrity check]
2025-08-08 21:40:32,040 [INFO] IntegrityCheckThread:103 - End integrity checks thread
2025-08-08 21:40:32,270 [INFO] WebApp:169 - Instantiating new browser for Auth
2025-08-08 21:40:35,339 [INFO] WebApp:463 - Apply proxy settings
2025-08-08 21:40:35,340 [INFO] WebApp:548 - Chromium requires no authentication
2025-08-08 21:40:35,355 [INFO] WebApp:491 - Direct internet connection detected
2025-08-08 21:40:35,422 [INFO] WebApp:900 - Register for checkConnection events
2025-08-08 21:40:35,422 [INFO] WebApp:463 - Apply proxy settings
2025-08-08 21:40:35,423 [INFO] WebApp:548 - Chromium requires no authentication
2025-08-08 21:40:35,423 [INFO] WebApp:491 - Direct internet connection detected
2025-08-08 21:40:35,746 [INFO] WebApp:225 - Starting web application
2025-08-08 21:40:35,747 [INFO] WebApp:593 - Web application path used C:\ST\STM32CubeIDE_1.18.1\STM32CubeIDE\plugins\com.st.stm32cube.common.mx_6.15.0.202507011659\db\plugins\mcufinder\reactClient1\index.html
2025-08-08 21:40:35,795 [INFO] WebApp:191 - Connection restablished
2025-08-08 21:40:36,239 [INFO] UserAuth:487 - Internet connection configuration mode: 1
