2025-07-11 11:29:19,020 [INFO] WebApp:194 - Connection lost
2025-07-11 11:29:20,161 [INFO] WebApp:191 - Connection restablished
2025-07-11 11:29:21,577 [INFO] WebApp:194 - Connection lost
2025-07-11 11:29:22,201 [INFO] WebApp:191 - Connection restablished
2025-07-11 11:32:22,688 [INFO] WebApp:194 - Connection lost
2025-07-11 11:32:23,424 [INFO] WebApp:191 - Connection restablished
2025-07-11 11:37:44,312 [INFO] UtilMem:75 - End SaveConfig() Used Memory: 711352960 Bytes (1073741824)
2025-07-11 11:37:45,840 [INFO] UtilMem:75 - End SaveConfig() Used Memory: 739277448 Bytes (1073741824)
2025-07-11 11:37:46,226 [INFO] UtilMem:75 - End SaveConfig() Used Memory: 779042688 Bytes (1073741824)
2025-07-11 11:37:46,780 [INFO] BlockDiagram:2775 - set Specific Code input for plugin: CAN
2025-07-11 11:37:46,781 [INFO] BlockDiagram:2775 - set Specific Code input for plugin: SYS
2025-07-11 11:37:46,781 [INFO] BlockDiagram:2775 - set Specific Code input for plugin: RCC
2025-07-11 11:37:46,781 [INFO] BlockDiagram:2775 - set Specific Code input for plugin: NVIC
2025-07-11 11:37:46,781 [INFO] BlockDiagram:2775 - set Specific Code input for plugin: USART
2025-07-11 11:37:46,783 [INFO] BlockDiagram:2775 - set Specific Code input for plugin: GPIO
2025-07-11 11:37:46,788 [INFO] CodeGenerator:882 - code generatio: config db path: C:\ST\STM32CubeIDE_1.18.1\STM32CubeIDE\plugins\com.st.stm32cube.common.mx_6.14.1.202504091515\\db\
2025-07-11 11:37:47,021 [INFO] CodeEngine:263 - oldGeneratedFile, C:\Users\yogo\STM32CubeIDE\workspace_1.18.1\stepper\MXTmpFiles\license.tmp_save
2025-07-11 11:37:47,546 [INFO] CodeEngine:287 - Generated code: C:\Users\yogo\STM32CubeIDE\workspace_1.18.1\stepper\MXTmpFiles\license.tmp
2025-07-11 11:37:47,632 [INFO] CodeEngine:263 - oldGeneratedFile, C:\Users\yogo\STM32CubeIDE\workspace_1.18.1\stepper\MXTmpFiles\gpio.tmp_save
2025-07-11 11:37:47,915 [INFO] CodeEngine:287 - Generated code: C:\Users\yogo\STM32CubeIDE\workspace_1.18.1\stepper\MXTmpFiles\gpio.tmp
2025-07-11 11:37:48,148 [INFO] CodeEngine:263 - oldGeneratedFile, C:\Users\yogo\STM32CubeIDE\workspace_1.18.1\stepper\Core\Src\stm32f4xx_it.c_save
2025-07-11 11:37:48,762 [INFO] CodeEngine:287 - Generated code: C:\Users\yogo\STM32CubeIDE\workspace_1.18.1\stepper\Core\Src\stm32f4xx_it.c
2025-07-11 11:37:48,770 [INFO] CodeEngine:263 - oldGeneratedFile, C:\Users\yogo\STM32CubeIDE\workspace_1.18.1\stepper\Core\Inc\stm32f4xx_it.h_save
2025-07-11 11:37:48,875 [INFO] CodeEngine:287 - Generated code: C:\Users\yogo\STM32CubeIDE\workspace_1.18.1\stepper\Core\Inc\stm32f4xx_it.h
2025-07-11 11:37:48,893 [INFO] CodeEngine:263 - oldGeneratedFile, C:\Users\yogo\STM32CubeIDE\workspace_1.18.1\stepper\Core\Src\stm32f4xx_hal_msp.c_save
2025-07-11 11:37:49,107 [INFO] CodeEngine:287 - Generated code: C:\Users\yogo\STM32CubeIDE\workspace_1.18.1\stepper\Core\Src\stm32f4xx_hal_msp.c
2025-07-11 11:37:49,114 [INFO] CodeEngine:263 - oldGeneratedFile, C:\Users\yogo\STM32CubeIDE\workspace_1.18.1\stepper\MXTmpFiles\system.tmp_save
2025-07-11 11:37:49,210 [INFO] CodeEngine:287 - Generated code: C:\Users\yogo\STM32CubeIDE\workspace_1.18.1\stepper\MXTmpFiles\system.tmp
2025-07-11 11:37:49,225 [INFO] CodeEngine:319 - oldGeneratedFile, C:\Users\yogo\STM32CubeIDE\workspace_1.18.1\stepper\Core\Inc\stm32f4xx_hal_conf.h_save
2025-07-11 11:37:49,349 [INFO] CodeEngine:343 - Generated code: C:\Users\yogo\STM32CubeIDE\workspace_1.18.1\stepper\Core\Inc\stm32f4xx_hal_conf.h
2025-07-11 11:37:49,417 [INFO] CodeEngine:263 - oldGeneratedFile, C:\Users\yogo\STM32CubeIDE\workspace_1.18.1\stepper\Core\Inc\main.h_save
2025-07-11 11:37:49,623 [INFO] CodeEngine:287 - Generated code: C:\Users\yogo\STM32CubeIDE\workspace_1.18.1\stepper\Core\Inc\main.h
2025-07-11 11:37:49,632 [INFO] CodeEngine:263 - oldGeneratedFile, C:\Users\yogo\STM32CubeIDE\workspace_1.18.1\stepper\Core\Src\main.c_save
2025-07-11 11:37:49,817 [INFO] CodeEngine:287 - Generated code: C:\Users\yogo\STM32CubeIDE\workspace_1.18.1\stepper\Core\Src\main.c
2025-07-11 11:37:50,446 [INFO] ProjectBuilder:3324 - Time for Copy HAL[1] : 279mS.
2025-07-11 11:37:50,449 [INFO] ProjectBuilder:4912 - Project Generator version: 4.6.0.1-B1
2025-07-11 11:37:50,559 [INFO] ConfigFileManager:1590 - The Die is : DIE413
2025-07-11 11:37:52,039 [INFO] ProjectBuilder:5191 - Time for Generating toolchain IDE Files: 1589mS.
2025-07-11 11:37:52,040 [INFO] ProjectBuilder:3181 - Time for Copy CMSIS : 0mS.
2025-07-11 11:37:52,043 [INFO] ProjectBuilder:3181 - Time for Copy CMSIS : 0mS.
