2025-08-01 18:51:40,709 [INFO] Activator:176 - 


2025-08-01 18:51:40,714 [INFO] Activator:177 - !SESSION log4j initialized
2025-08-01 18:51:43,864 [INFO] LogOutputStream:77 - [STDOUT_REDIRECT] 
2025-08-01 18:51:46,622 [ERROR] ConfigurationRetriever:142 - IOException on connection: Read timed out
2025-08-01 18:51:47,714 [INFO] ApplicationProperties:184 - Using Application install path: C:\ST\STM32CubeIDE_1.18.1\STM32CubeIDE\plugins\com.st.stm32cube.common.mx_6.14.1.202504091515
2025-08-01 18:51:47,733 [INFO] DbMcusXml:78 - Set database path to: C:\ST\STM32CubeIDE_1.18.1\STM32CubeIDE\plugins\com.st.stm32cube.common.mx_6.14.1.202504091515\\db\/mcu/
2025-08-01 18:51:47,733 [INFO] ApiDb:274 - Set plugin database path to: C:\ST\STM32CubeIDE_1.18.1\STM32CubeIDE\plugins\com.st.stm32cube.common.mx_6.14.1.202504091515\\db\/plugins/boardmanager/
2025-08-01 18:51:47,734 [WARN] ApiDb:259 - Overriding images path with different value:  => C:\ST\STM32CubeIDE_1.18.1\STM32CubeIDE\plugins\com.st.stm32cube.common.mx_6.14.1.202504091515\\db\/plugins/mcufinder/images/
2025-08-01 18:51:47,742 [INFO] ApiDb:250 - Set database path to: C:\Users\yogo\.stmcufinder\plugins\mcufinder//mcu/
2025-08-01 18:51:47,743 [INFO] DbMcusAds:125 - Set database path to: C:\Users\yogo\.stmcufinder\plugins\mcufinder//mcu/
2025-08-01 18:51:47,745 [INFO] CrossReferenceDbSqlite:203 - Set database path to: C:\Users\yogo\.stmcufinder\plugins\mcufinder//mcu/cs/
2025-08-01 18:51:47,902 [INFO] RulesReader:64 - Compatibility file has been processed (302 Rules)
2025-08-01 18:51:47,976 [INFO] DbMcusXml:78 - Set database path to: C:\ST\STM32CubeIDE_1.18.1\STM32CubeIDE\plugins\com.st.stm32cube.common.mx_6.14.1.202504091515\\db\/mcu/
2025-08-01 18:51:47,976 [INFO] ApiDb:274 - Set plugin database path to: C:\ST\STM32CubeIDE_1.18.1\STM32CubeIDE\plugins\com.st.stm32cube.common.mx_6.14.1.202504091515\\db\/plugins/boardmanager/
2025-08-01 18:51:47,976 [INFO] ApiDb:261 - Set plugin images path to: C:\ST\STM32CubeIDE_1.18.1\STM32CubeIDE\plugins\com.st.stm32cube.common.mx_6.14.1.202504091515\\db\/plugins/mcufinder/images/
2025-08-01 18:51:47,976 [WARN] DbFile:41 - Overriding database path with different value: C:\Users\yogo\.stmcufinder\plugins\mcufinder/ => C:\Users\yogo\.stmcufinder\plugins\mcufinder
2025-08-01 18:51:47,976 [INFO] ApiDb:250 - Set database path to: C:\Users\yogo\.stmcufinder\plugins\mcufinder//mcu/
2025-08-01 18:51:47,976 [WARN] DbFile:41 - Overriding database path with different value: C:\Users\yogo\.stmcufinder\plugins\mcufinder/ => C:\Users\yogo\.stmcufinder\plugins\mcufinder
2025-08-01 18:51:47,976 [INFO] DbMcusAds:125 - Set database path to: C:\Users\yogo\.stmcufinder\plugins\mcufinder//mcu/
2025-08-01 18:51:47,976 [WARN] DbFile:41 - Overriding database path with different value: C:\Users\yogo\.stmcufinder\plugins\mcufinder/ => C:\Users\yogo\.stmcufinder\plugins\mcufinder
2025-08-01 18:51:47,976 [WARN] DbFile:41 - Overriding database path with different value: C:\Users\yogo\.stmcufinder\plugins\mcufinder/ => C:\Users\yogo\.stmcufinder\plugins\mcufinder
2025-08-01 18:51:47,976 [INFO] CrossReferenceDbSqlite:203 - Set database path to: C:\Users\yogo\.stmcufinder\plugins\mcufinder//mcu/cs/
2025-08-01 18:51:48,056 [INFO] MainPanel:272 - HeapMemory: 268435456
2025-08-01 18:51:48,165 [INFO] DbMcusXml:78 - Set database path to: C:\ST\STM32CubeIDE_1.18.1\STM32CubeIDE\plugins\com.st.stm32cube.common.mx_6.14.1.202504091515\\db\/mcu/
2025-08-01 18:51:48,165 [INFO] ApiDb:274 - Set plugin database path to: C:\ST\STM32CubeIDE_1.18.1\STM32CubeIDE\plugins\com.st.stm32cube.common.mx_6.14.1.202504091515\\db\/plugins/boardmanager/
2025-08-01 18:51:48,165 [INFO] ApiDb:261 - Set plugin images path to: C:\ST\STM32CubeIDE_1.18.1\STM32CubeIDE\plugins\com.st.stm32cube.common.mx_6.14.1.202504091515\\db\/plugins/mcufinder/images/
2025-08-01 18:51:48,165 [WARN] DbFile:41 - Overriding database path with different value: C:\Users\yogo\.stmcufinder\plugins\mcufinder/ => C:\Users\yogo\.stmcufinder\plugins\mcufinder
2025-08-01 18:51:48,165 [INFO] ApiDb:250 - Set database path to: C:\Users\yogo\.stmcufinder\plugins\mcufinder//mcu/
2025-08-01 18:51:48,165 [WARN] DbFile:41 - Overriding database path with different value: C:\Users\yogo\.stmcufinder\plugins\mcufinder/ => C:\Users\yogo\.stmcufinder\plugins\mcufinder
2025-08-01 18:51:48,165 [INFO] DbMcusAds:125 - Set database path to: C:\Users\yogo\.stmcufinder\plugins\mcufinder//mcu/
2025-08-01 18:51:48,165 [WARN] DbFile:41 - Overriding database path with different value: C:\Users\yogo\.stmcufinder\plugins\mcufinder/ => C:\Users\yogo\.stmcufinder\plugins\mcufinder
2025-08-01 18:51:48,165 [WARN] DbFile:41 - Overriding database path with different value: C:\Users\yogo\.stmcufinder\plugins\mcufinder/ => C:\Users\yogo\.stmcufinder\plugins\mcufinder
2025-08-01 18:51:48,166 [INFO] CrossReferenceDbSqlite:203 - Set database path to: C:\Users\yogo\.stmcufinder\plugins\mcufinder//mcu/cs/
2025-08-01 18:51:48,184 [INFO] ApplicationProperties:184 - Using Application install path: C:\ST\STM32CubeIDE_1.18.1\STM32CubeIDE\plugins\com.st.stm32cube.common.mx_6.14.1.202504091515
2025-08-01 18:51:48,186 [INFO] PluginManage:196 - Search for loadable plugins [exclusion list=, ]
2025-08-01 18:51:48,187 [INFO] PluginManage:310 - Check plugin analytics
2025-08-01 18:51:48,385 [INFO] AnalyticsPlugin:253 - Accepted Software Licenses: STM32CubeMX.6.15.0
2025-08-01 18:51:48,386 [INFO] AnalyticsPlugin:255 - Accepted CMSIS Pack Licenses: 
2025-08-01 18:51:48,386 [INFO] AnalyticsPlugin:257 - Accepted Firmware Licenses: FW.F4.1.28.0
2025-08-01 18:51:48,387 [INFO] PluginManage:359 - Loaded plugin analytics (category:tool,tabindex:-1)
2025-08-01 18:51:48,387 [INFO] PluginManage:310 - Check plugin cadmodel
2025-08-01 18:51:48,395 [INFO] CADModel:105 - Init CAD model plugin
2025-08-01 18:51:48,396 [INFO] PluginManage:359 - Loaded plugin cadmodel (category:power,tabindex:5)
2025-08-01 18:51:48,396 [INFO] PluginManage:310 - Check plugin clock
2025-08-01 18:51:48,409 [INFO] PluginManage:359 - Loaded plugin clock (category:base,tabindex:2)
2025-08-01 18:51:48,409 [INFO] PluginManage:310 - Check plugin ddr
2025-08-01 18:51:48,412 [INFO] PluginManage:359 - Loaded plugin ddr (category:tool,tabindex:6)
2025-08-01 18:51:48,412 [INFO] PluginManage:310 - Check plugin filemanager
2025-08-01 18:51:48,559 [INFO] PluginManage:359 - Loaded plugin filemanager (category:base,tabindex:10)
2025-08-01 18:51:48,559 [INFO] PluginManage:310 - Check plugin ipmanager
2025-08-01 18:51:48,566 [INFO] PluginManage:359 - Loaded plugin ipmanager (category:base,tabindex:5)
2025-08-01 18:51:48,566 [INFO] PluginManage:310 - Check plugin lpbam
2025-08-01 18:51:48,574 [INFO] PluginManage:359 - Loaded plugin lpbam (category:base,tabindex:0)
2025-08-01 18:51:48,574 [INFO] PluginManage:310 - Check plugin memorymap
2025-08-01 18:51:48,588 [INFO] PluginManage:359 - Loaded plugin memorymap (category:base,tabindex:4)
2025-08-01 18:51:48,588 [INFO] PluginManage:310 - Check plugin pinoutandconfiguration
2025-08-01 18:51:48,598 [INFO] PluginManage:359 - Loaded plugin pinoutandconfiguration (category:base,tabindex:1)
2025-08-01 18:51:48,598 [INFO] PluginManage:310 - Check plugin pinoutconfig
2025-08-01 18:51:48,626 [ERROR] ConfigurationRetriever:142 - IOException on connection: Read timed out
2025-08-01 18:51:48,690 [WARN] SupportedApi:132 - Cannot load RTOS API schema: s4s-elt-must-match.1: The content of 'definitions' must match (annotation?, (simpleType | complexType)?, (unique | key | keyref)*)). A problem was found starting at: attribute.
2025-08-01 18:51:48,823 [INFO] PluginManage:359 - Loaded plugin pinoutconfig (category:base,tabindex:0)
2025-08-01 18:51:48,823 [INFO] PluginManage:310 - Check plugin power
2025-08-01 18:51:48,832 [INFO] PluginManage:359 - Loaded plugin power (category:power,tabindex:4)
2025-08-01 18:51:48,832 [INFO] PluginManage:310 - Check plugin projectmanager
2025-08-01 18:51:48,848 [INFO] PluginManage:359 - Loaded plugin projectmanager (category:projectmanager,tabindex:4)
2025-08-01 18:51:48,848 [INFO] PluginManage:310 - Check plugin rif
2025-08-01 18:51:48,855 [INFO] PluginManage:359 - Loaded plugin rif (category:base,tabindex:3)
2025-08-01 18:51:48,856 [INFO] PluginManage:310 - Check plugin thirdparty
2025-08-01 18:51:49,006 [INFO] PluginManage:359 - Loaded plugin thirdparty (category:base,tabindex:-1)
2025-08-01 18:51:49,006 [WARN] IntegrityCheckThread:84 - waiting for thirdparty lock release [integrity check]
2025-08-01 18:51:49,006 [INFO] PluginManage:310 - Check plugin tools
2025-08-01 18:51:49,006 [INFO] IntegrityCheckThread:86 - entering critical section [integrity check]
2025-08-01 18:51:49,006 [INFO] ThirdPartyUpdaterWithRetryManager:70 - Updater plugin not ready yet. [1/15]
2025-08-01 18:51:49,011 [INFO] PluginManage:359 - Loaded plugin tools (category:base,tabindex:7)
2025-08-01 18:51:49,012 [INFO] PluginManage:310 - Check plugin tutovideos
2025-08-01 18:51:49,176 [INFO] PluginManage:359 - Loaded plugin tutovideos (category:base,tabindex:-1)
2025-08-01 18:51:49,176 [INFO] PluginManage:310 - Check plugin updater
2025-08-01 18:51:49,197 [INFO] PluginManage:359 - Loaded plugin updater (category:base,tabindex:12)
2025-08-01 18:51:49,197 [INFO] PluginManage:310 - Check plugin userauth
2025-08-01 18:51:49,201 [INFO] UserAuth:118 - Init User Auth plugin
2025-08-01 18:51:49,202 [INFO] PluginManage:359 - Loaded plugin userauth (category:base,tabindex:14)
2025-08-01 18:51:49,202 [INFO] PluginManage:283 - PluginManage : Loaded plugins [18]
2025-08-01 18:51:49,396 [INFO] PinOutPanel:1589 - setPackage(No Configuration,No Configuration)
2025-08-01 18:51:49,475 [INFO] CADModel:165 - CPN selected for project level
2025-08-01 18:51:49,475 [INFO] CADModel:114 - Register for checkConnection events
2025-08-01 18:51:49,493 [INFO] IPUIPlugin:80 - create IPUIPlugin
2025-08-01 18:51:49,493 [INFO] PluginManager:220 - loadIPPluginJar : add adc
2025-08-01 18:51:49,496 [INFO] IPUIPlugin:80 - create IPUIPlugin
2025-08-01 18:51:49,496 [INFO] PluginManager:220 - loadIPPluginJar : add aes
2025-08-01 18:51:49,499 [INFO] IPUIPlugin:80 - create IPUIPlugin
2025-08-01 18:51:49,500 [INFO] PluginManager:220 - loadIPPluginJar : add can
2025-08-01 18:51:49,501 [INFO] IPUIPlugin:80 - create IPUIPlugin
2025-08-01 18:51:49,502 [INFO] PluginManager:220 - loadIPPluginJar : add comp
2025-08-01 18:51:49,505 [INFO] IPUIPlugin:80 - create IPUIPlugin
2025-08-01 18:51:49,505 [INFO] PluginManager:220 - loadIPPluginJar : add cryp
2025-08-01 18:51:49,508 [INFO] IPUIPlugin:80 - create IPUIPlugin
2025-08-01 18:51:49,508 [INFO] PluginManager:220 - loadIPPluginJar : add ddr_ctrl_phy
2025-08-01 18:51:49,511 [INFO] IPUIPlugin:80 - create IPUIPlugin
2025-08-01 18:51:49,511 [INFO] PluginManager:220 - loadIPPluginJar : add dfsdm
2025-08-01 18:51:49,516 [INFO] IPUIPlugin:80 - create IPUIPlugin
2025-08-01 18:51:49,517 [INFO] PluginManager:220 - loadIPPluginJar : add dma
2025-08-01 18:51:49,520 [INFO] IPUIPlugin:80 - create IPUIPlugin
2025-08-01 18:51:49,520 [INFO] PluginManager:220 - loadIPPluginJar : add dma3
2025-08-01 18:51:49,523 [INFO] IPUIPlugin:80 - create IPUIPlugin
2025-08-01 18:51:49,523 [INFO] PluginManager:220 - loadIPPluginJar : add extmemmanager
2025-08-01 18:51:49,525 [INFO] IPUIPlugin:80 - create IPUIPlugin
2025-08-01 18:51:49,525 [INFO] PluginManager:220 - loadIPPluginJar : add fatfs
2025-08-01 18:51:49,529 [INFO] IPUIPlugin:80 - create IPUIPlugin
2025-08-01 18:51:49,530 [INFO] PluginManager:220 - loadIPPluginJar : add fmc
2025-08-01 18:51:49,536 [INFO] IPUIPlugin:80 - create IPUIPlugin
2025-08-01 18:51:49,536 [INFO] PluginManager:220 - loadIPPluginJar : add freertos
2025-08-01 18:51:49,538 [INFO] IPUIPlugin:80 - create IPUIPlugin
2025-08-01 18:51:49,538 [INFO] PluginManager:220 - loadIPPluginJar : add genericplugin
2025-08-01 18:51:49,540 [INFO] IPUIPlugin:80 - create IPUIPlugin
2025-08-01 18:51:49,540 [INFO] PluginManager:220 - loadIPPluginJar : add gfxmmu
2025-08-01 18:51:49,546 [INFO] IPUIPlugin:80 - create IPUIPlugin
2025-08-01 18:51:49,546 [INFO] PluginManager:220 - loadIPPluginJar : add gic
2025-08-01 18:51:49,550 [INFO] IPUIPlugin:80 - create IPUIPlugin
2025-08-01 18:51:49,550 [INFO] PluginManager:220 - loadIPPluginJar : add gpio
2025-08-01 18:51:49,553 [INFO] IPUIPlugin:80 - create IPUIPlugin
2025-08-01 18:51:49,553 [INFO] PluginManager:220 - loadIPPluginJar : add gtzc
2025-08-01 18:51:49,556 [INFO] IPUIPlugin:80 - create IPUIPlugin
2025-08-01 18:51:49,556 [INFO] PluginManager:220 - loadIPPluginJar : add hash
2025-08-01 18:51:49,559 [INFO] IPUIPlugin:80 - create IPUIPlugin
2025-08-01 18:51:49,559 [INFO] PluginManager:220 - loadIPPluginJar : add i2c
2025-08-01 18:51:49,562 [INFO] IPUIPlugin:80 - create IPUIPlugin
2025-08-01 18:51:49,562 [INFO] PluginManager:220 - loadIPPluginJar : add i2s
2025-08-01 18:51:49,565 [INFO] IPUIPlugin:80 - create IPUIPlugin
2025-08-01 18:51:49,565 [INFO] PluginManager:220 - loadIPPluginJar : add i3c
2025-08-01 18:51:49,569 [INFO] IPUIPlugin:80 - create IPUIPlugin
2025-08-01 18:51:49,569 [INFO] PluginManager:220 - loadIPPluginJar : add ipddr
2025-08-01 18:51:49,576 [INFO] IPUIPlugin:80 - create IPUIPlugin
2025-08-01 18:51:49,576 [INFO] PluginManager:220 - loadIPPluginJar : add linkedlist
2025-08-01 18:51:49,580 [INFO] IPUIPlugin:80 - create IPUIPlugin
2025-08-01 18:51:49,580 [INFO] PluginManager:220 - loadIPPluginJar : add lorawan
2025-08-01 18:51:49,582 [INFO] IPUIPlugin:80 - create IPUIPlugin
2025-08-01 18:51:49,582 [INFO] PluginManager:220 - loadIPPluginJar : add ltdc
2025-08-01 18:51:49,589 [INFO] IPUIPlugin:80 - create IPUIPlugin
2025-08-01 18:51:49,589 [INFO] PluginManager:220 - loadIPPluginJar : add mdma
2025-08-01 18:51:49,593 [INFO] IPUIPlugin:80 - create IPUIPlugin
2025-08-01 18:51:49,594 [INFO] PluginManager:220 - loadIPPluginJar : add nvic
2025-08-01 18:51:49,598 [INFO] IPUIPlugin:80 - create IPUIPlugin
2025-08-01 18:51:49,598 [INFO] PluginManager:220 - loadIPPluginJar : add opamp
2025-08-01 18:51:49,603 [INFO] IPUIPlugin:80 - create IPUIPlugin
2025-08-01 18:51:49,603 [INFO] PluginManager:220 - loadIPPluginJar : add openamp
2025-08-01 18:51:49,607 [INFO] IPUIPlugin:80 - create IPUIPlugin
2025-08-01 18:51:49,607 [INFO] PluginManager:220 - loadIPPluginJar : add pdm2pcm
2025-08-01 18:51:49,615 [INFO] IPUIPlugin:80 - create IPUIPlugin
2025-08-01 18:51:49,620 [INFO] PluginManager:220 - loadIPPluginJar : add plateformsettings
2025-08-01 18:51:49,622 [INFO] IPUIPlugin:80 - create IPUIPlugin
2025-08-01 18:51:49,623 [INFO] PluginManager:220 - loadIPPluginJar : add quadspi
2025-08-01 18:51:49,625 [INFO] IPUIPlugin:80 - create IPUIPlugin
2025-08-01 18:51:49,625 [INFO] PluginManager:220 - loadIPPluginJar : add radio
2025-08-01 18:51:49,629 [INFO] IPUIPlugin:80 - create IPUIPlugin
2025-08-01 18:51:49,629 [INFO] PluginManager:220 - loadIPPluginJar : add resmgrutility
2025-08-01 18:51:49,632 [INFO] IPUIPlugin:80 - create IPUIPlugin
2025-08-01 18:51:49,632 [INFO] PluginManager:220 - loadIPPluginJar : add sai
2025-08-01 18:51:49,634 [INFO] IPUIPlugin:80 - create IPUIPlugin
2025-08-01 18:51:49,635 [INFO] PluginManager:220 - loadIPPluginJar : add spi
2025-08-01 18:51:49,640 [INFO] IPUIPlugin:80 - create IPUIPlugin
2025-08-01 18:51:49,640 [INFO] PluginManager:220 - loadIPPluginJar : add stm32_wpan
2025-08-01 18:51:49,643 [INFO] IPUIPlugin:80 - create IPUIPlugin
2025-08-01 18:51:49,643 [INFO] PluginManager:220 - loadIPPluginJar : add tim
2025-08-01 18:51:49,646 [INFO] IPUIPlugin:80 - create IPUIPlugin
2025-08-01 18:51:49,647 [INFO] PluginManager:220 - loadIPPluginJar : add touchsensing
2025-08-01 18:51:49,649 [INFO] IPUIPlugin:80 - create IPUIPlugin
2025-08-01 18:51:49,650 [INFO] PluginManager:220 - loadIPPluginJar : add tracer_emb
2025-08-01 18:51:49,652 [INFO] IPUIPlugin:80 - create IPUIPlugin
2025-08-01 18:51:49,652 [INFO] PluginManager:220 - loadIPPluginJar : add ts
2025-08-01 18:51:49,655 [INFO] IPUIPlugin:80 - create IPUIPlugin
2025-08-01 18:51:49,655 [INFO] PluginManager:220 - loadIPPluginJar : add tsc
2025-08-01 18:51:49,657 [INFO] IPUIPlugin:80 - create IPUIPlugin
2025-08-01 18:51:49,657 [INFO] PluginManager:220 - loadIPPluginJar : add ucpd
2025-08-01 18:51:49,661 [INFO] IPUIPlugin:80 - create IPUIPlugin
2025-08-01 18:51:49,661 [INFO] PluginManager:220 - loadIPPluginJar : add usart
2025-08-01 18:51:49,665 [INFO] IPUIPlugin:80 - create IPUIPlugin
2025-08-01 18:51:49,665 [INFO] PluginManager:220 - loadIPPluginJar : add usbx
2025-08-01 18:51:49,793 [FATAL] Updater:351 - Updater called before beeing initialized
2025-08-01 18:51:49,842 [INFO] RulesReader:64 - Compatibility file has been processed (302 Rules)
2025-08-01 18:51:49,855 [INFO] RulesReader:64 - Compatibility file has been processed (302 Rules)
2025-08-01 18:51:49,866 [INFO] CADModel:165 - CPN selected for project level
2025-08-01 18:51:49,866 [INFO] CADModel:114 - Register for checkConnection events
2025-08-01 18:51:49,866 [FATAL] Updater:351 - Updater called before beeing initialized
2025-08-01 18:51:49,866 [ERROR] CADModel:125 - Updater not yet initialized, retry later 
2025-08-01 18:51:50,030 [FATAL] Updater:351 - Updater called before beeing initialized
2025-08-01 18:51:50,032 [INFO] CADModel:165 - CPN selected for project level
2025-08-01 18:51:50,032 [INFO] CADModel:114 - Register for checkConnection events
2025-08-01 18:51:50,032 [FATAL] Updater:351 - Updater called before beeing initialized
2025-08-01 18:51:50,032 [ERROR] CADModel:125 - Updater not yet initialized, retry later 
2025-08-01 18:51:50,036 [FATAL] Updater:351 - Updater called before beeing initialized
2025-08-01 18:51:50,133 [FATAL] Updater:351 - Updater called before beeing initialized
2025-08-01 18:51:50,137 [INFO] DbMcusAds:53 - JSON generation date=Tue Jul 08 16:14:23 CST 2025 (1751962463582)
2025-08-01 18:51:50,138 [FATAL] Updater:351 - Updater called before beeing initialized
2025-08-01 18:51:50,178 [WARN] DetailPanel:346 - Failed to get advertising image, set to default
2025-08-01 18:51:50,430 [FATAL] Updater:351 - Updater called before beeing initialized
2025-08-01 18:51:50,433 [FATAL] Updater:351 - Updater called before beeing initialized
2025-08-01 18:51:50,433 [FATAL] Updater:351 - Updater called before beeing initialized
2025-08-01 18:51:50,433 [WARN] DetailPanel:346 - Failed to get advertising image, set to default
2025-08-01 18:51:50,434 [FATAL] Updater:351 - Updater called before beeing initialized
2025-08-01 18:51:50,483 [ERROR] Updater:1198 - MainUpdater not yet initialized. External WinMGr cannot be set.
2025-08-01 18:51:50,487 [INFO] Updater:1134 - Updater Version found : 6.14.1
2025-08-01 18:51:50,511 [INFO] ApplicationProperties:184 - Using Application install path: C:\ST\STM32CubeIDE_1.18.1\STM32CubeIDE\plugins\com.st.stm32cube.common.mx_6.14.1.202504091515
2025-08-01 18:51:50,628 [ERROR] ConfigurationRetriever:142 - IOException on connection: Read timed out
2025-08-01 18:51:52,008 [INFO] ThirdPartyUpdaterWithRetryManager:70 - Updater plugin not ready yet. [2/15]
2025-08-01 18:51:52,098 [ERROR] LogOutputStream:75 - [STDERR_REDIRECT] Aug 01, 2025 6:51:52 PM java.util.prefs.WindowsPreferences <init>
2025-08-01 18:51:52,101 [ERROR] LogOutputStream:75 - [STDERR_REDIRECT] WARNING: Could not open/create prefs root node Software\JavaSoft\Prefs at root 0xffffffff80000002. Windows RegCreateKeyEx(...) returned error code 5.
2025-08-01 18:51:52,101 [ERROR] LogOutputStream:75 - [STDERR_REDIRECT] 
2025-08-01 18:51:52,870 [INFO] MainUpdater:2872 - connection check result : 10
2025-08-01 18:51:52,870 [INFO] MainUpdater:3566 - Updater definition file requires update
2025-08-01 18:51:52,872 [INFO] MainUpdater:289 - Updater Check For Update Now.
2025-08-01 18:51:52,872 [INFO] MicroXplorer:498 - Change Database Version : DB.6.0.141
2025-08-01 18:51:52,882 [INFO] McuFinderGlobals:63 - Set McuFinder mode to 2 (CubeIDE integrated)
2025-08-01 18:51:52,883 [INFO] UserAuth:484 - Internet connection configuration mode: 1
2025-08-01 18:51:52,907 [INFO] JxBrowserEngine:152 - Initiate JxBrowser Engine with user profile folder
2025-08-01 18:51:53,370 [INFO] ServerAccessManage:473 - Download File updaters.zip
2025-08-01 18:51:53,394 [ERROR] ConfigurationRetriever:142 - IOException on connection: Read timed out
2025-08-01 18:51:53,642 [INFO] FileExtend:242 - Unzip File : updaters.zip
2025-08-01 18:51:53,642 [INFO] FileExtend:257 - Standard Zip Deflate
2025-08-01 18:51:54,141 [INFO] ServerAccessManage:473 - Download File PacksControlFlags.xml
2025-08-01 18:51:54,327 [INFO] ServerAccessManage:473 - Download File cubemx.pidx
2025-08-01 18:51:54,825 [INFO] WebApp:169 - Instantiating new browser for Auth
2025-08-01 18:51:55,009 [WARN] MainUpdater:1193 - Updater busy. Cannot search thirdparties
2025-08-01 18:51:55,009 [INFO] ThirdPartyUpdaterWithRetryManager:96 - Updater plugin is busy. [1/15]
2025-08-01 18:51:55,013 [INFO] ServerAccessManage:473 - Download File STMicroelectronics.FP-SNS-STBOX1.pdsc
2025-08-01 18:51:56,056 [INFO] ServerAccessManage:473 - Download File STMicroelectronics.X-CUBE-BLEMGR.pdsc
2025-08-01 18:51:56,179 [INFO] WebApp:463 - Apply proxy settings
2025-08-01 18:51:56,180 [INFO] WebApp:548 - Chromium requires no authentication
2025-08-01 18:51:56,190 [INFO] WebApp:491 - Direct internet connection detected
2025-08-01 18:51:56,217 [INFO] WebApp:894 - Register for checkConnection events
2025-08-01 18:51:56,217 [INFO] WebApp:463 - Apply proxy settings
2025-08-01 18:51:56,217 [INFO] WebApp:548 - Chromium requires no authentication
2025-08-01 18:51:56,218 [INFO] WebApp:491 - Direct internet connection detected
2025-08-01 18:51:56,381 [INFO] WebApp:225 - Starting web application
2025-08-01 18:51:56,381 [INFO] WebApp:593 - Web application path used C:\ST\STM32CubeIDE_1.18.1\STM32CubeIDE\plugins\com.st.stm32cube.common.mx_6.14.1.202504091515\db\plugins\mcufinder\reactClient1\index.html
2025-08-01 18:51:56,592 [INFO] UserAuth:484 - Internet connection configuration mode: 1
2025-08-01 18:51:56,920 [INFO] WebApp:191 - Connection restablished
2025-08-01 18:51:56,969 [ERROR] ServerAccessManage:1089 - Problem, file not found on Server
2025-08-01 18:51:58,011 [WARN] MainUpdater:1193 - Updater busy. Cannot search thirdparties
2025-08-01 18:51:58,012 [INFO] ThirdPartyUpdaterWithRetryManager:96 - Updater plugin is busy. [2/15]
2025-08-01 18:52:01,012 [WARN] MainUpdater:1193 - Updater busy. Cannot search thirdparties
2025-08-01 18:52:01,012 [INFO] ThirdPartyUpdaterWithRetryManager:96 - Updater plugin is busy. [3/15]
2025-08-01 18:52:01,471 [WARN] PopulateThirdPartyThread:106 - Error when creating pack: C:/Users/yogo/.stm32cubemx/thirdparties/pdsc/STMicroelectronics.FP-SNS-STBOX1.pdsc
2025-08-01 18:52:01,520 [WARN] PackLoader:240 - Cannot read IP mode file for STMicroelectronics.X-CUBE-BLEMGR.4.1.0
2025-08-01 18:52:01,534 [INFO] PopulateThirdPartyThread:66 - Ending populate Thread
2025-08-01 18:52:01,536 [INFO] ThirdParty:1030 - CMSIS Pack Vendor :STMicroelectronics X-CUBE-BLEMGR 4.1.0
2025-08-01 18:52:01,536 [INFO] LoadServerUpdatesThread:375 - End of LoadServerUpdate Thread
2025-08-01 18:52:01,640 [INFO] CheckServerUpdateThread:120 - End of CheckServer Thread
2025-08-01 18:52:04,222 [WARN] PackLoader:240 - Cannot read IP mode file for STMicroelectronics.FP-SNS-MOTENVWB1.1.4.0
2025-08-01 18:52:04,230 [WARN] PackLoader:240 - Cannot read IP mode file for STMicroelectronics.FP-ATR-ASTRA1.2.0.2
2025-08-01 18:52:04,239 [WARN] PackLoader:240 - Cannot read IP mode file for STMicroelectronics.X-CUBE-SMBUS.2.1.0
2025-08-01 18:52:04,246 [WARN] PackLoader:240 - Cannot read IP mode file for STMicroelectronics.X-CUBE-ST60.1.0.0
2025-08-01 18:52:04,286 [WARN] PackLoader:240 - Cannot read IP mode file for STMicroelectronics.X-CUBE-AZRTOS-F7.1.1.0
2025-08-01 18:52:04,335 [WARN] PackLoader:240 - Cannot read IP mode file for Infineon.AIROC-Wi-Fi-Bluetooth-STM32.1.7.1
2025-08-01 18:52:04,393 [WARN] PackLoader:240 - Cannot read IP mode file for STMicroelectronics.X-CUBE-AZRTOS-H7.3.4.0
2025-08-01 18:52:04,406 [WARN] PackLoader:240 - Cannot read IP mode file for STMicroelectronics.X-CUBE-DISPLAY.3.0.0
2025-08-01 18:52:04,420 [WARN] PackLoader:240 - Cannot read IP mode file for STMicroelectronics.X-CUBE-NFC10.1.0.0
2025-08-01 18:52:04,437 [WARN] PackLoader:240 - Cannot read IP mode file for STMicroelectronics.X-CUBE-BLEMGR.4.0.0
2025-08-01 18:52:04,451 [WARN] PackLoader:240 - Cannot read IP mode file for emotas.I-CUBE-CANOPEN.1.3.0
2025-08-01 18:52:04,455 [WARN] ConditionMgr:438 - getConditionDescription Invalid condition id : Cortex-A Device cause : null
2025-08-01 18:52:04,466 [WARN] ConditionMgr:1044 - genDependencies : Invalid condition id : Cortex-A Device cause : null
2025-08-01 18:52:04,467 [WARN] ConditionMgr:1044 - genDependencies : Invalid condition id : Cortex-A Device cause : null
2025-08-01 18:52:04,467 [WARN] ConditionMgr:1044 - genDependencies : Invalid condition id : Cortex-A Device cause : null
2025-08-01 18:52:04,471 [ERROR] Engine:466 - C:\Users\yogo\.stm32cubemx\thirdparties\pdsc\STMicroelectronics.FP-SNS-STBOX1.2.1.0.pdsc: PDSC version is not supported
2025-08-01 18:52:04,477 [WARN] PackLoader:240 - Cannot read IP mode file for STMicroelectronics.FP-SNS-SMARTAG2.1.2.0
2025-08-01 18:52:04,484 [WARN] PackLoader:240 - Cannot read IP mode file for STMicroelectronics.FP-SNS-FLIGHT1.5.1.0
2025-08-01 18:52:04,497 [INFO] LogOutputStream:77 - [STDOUT_REDIRECT] 1 : Invalid condition id : UX_CORESTACK_Condition cause : null
2025-08-01 18:52:04,497 [INFO] LogOutputStream:77 - [STDOUT_REDIRECT] 1 : Invalid condition id : UX_CORESTACK_Condition cause : null
2025-08-01 18:52:04,499 [INFO] LogOutputStream:77 - [STDOUT_REDIRECT] 1 : Invalid condition id : UX_CORESTACK_Condition cause : null
2025-08-01 18:52:04,500 [INFO] LogOutputStream:77 - [STDOUT_REDIRECT] 1 : Invalid condition id : UX_CORESTACK_Condition cause : null
2025-08-01 18:52:04,502 [INFO] LogOutputStream:77 - [STDOUT_REDIRECT] 1 : Invalid condition id : UX_CORESTACK_Condition cause : null
2025-08-01 18:52:04,507 [WARN] PackLoader:240 - Cannot read IP mode file for STMicroelectronics.X-CUBE-AZRTOS-WL.2.0.0
2025-08-01 18:52:04,516 [WARN] PackLoader:240 - Cannot read IP mode file for STMicroelectronics.FP-SNS-MOTENV1.5.0.0
2025-08-01 18:52:04,524 [WARN] PackLoader:240 - Cannot read IP mode file for WES.I-CUBE-Cesium.1.3.0
2025-08-01 18:52:04,529 [WARN] PackLoader:240 - Cannot read IP mode file for STMicroelectronics.X-CUBE-BLE2.3.3.0
2025-08-01 18:52:04,534 [WARN] PackLoader:240 - Cannot read IP mode file for STMicroelectronics.X-CUBE-NFC9.1.0.0
2025-08-01 18:52:04,540 [WARN] PackLoader:240 - Cannot read IP mode file for wolfSSL.I-CUBE-wolfSSL.5.8.0
2025-08-01 18:52:04,546 [WARN] PackLoader:240 - Cannot read IP mode file for STMicroelectronics.X-CUBE-BLE1.7.1.0
2025-08-01 18:52:04,551 [WARN] PackLoader:240 - Cannot read IP mode file for wolfSSL.I-CUBE-wolfMQTT.1.19.2
2025-08-01 18:52:04,558 [WARN] PackLoader:240 - Cannot read IP mode file for STMicroelectronics.X-CUBE-EEPRMA1.5.2.0
2025-08-01 18:52:04,566 [WARN] PackLoader:240 - Cannot read IP mode file for STMicroelectronics.X-CUBE-AI.10.1.0
2025-08-01 18:52:04,582 [WARN] PackLoader:240 - Cannot read IP mode file for STMicroelectronics.X-CUBE-AZRTOS-G0.1.1.0
2025-08-01 18:52:04,589 [WARN] PackLoader:240 - Cannot read IP mode file for STMicroelectronics.X-CUBE-SAFEA1.1.2.2
2025-08-01 18:52:04,594 [WARN] PackLoader:240 - Cannot read IP mode file for STMicroelectronics.X-CUBE-NFC4.3.0.0
2025-08-01 18:52:04,602 [WARN] PackLoader:240 - Cannot read IP mode file for EmbeddedOffice.I-CUBE-FS-RTOS.1.0.1
2025-08-01 18:52:04,607 [WARN] PackLoader:240 - Cannot read IP mode file for STMicroelectronics.X-CUBE-WB05N.2.0.0
2025-08-01 18:52:04,610 [WARN] PackLoader:240 - Cannot read IP mode file for wolfSSL.I-CUBE-wolfTPM.3.8.0
2025-08-01 18:52:04,616 [WARN] PackLoader:240 - Cannot read IP mode file for STMicroelectronics.X-CUBE-TCPP.4.2.0
2025-08-01 18:52:04,621 [WARN] PackLoader:240 - Cannot read IP mode file for RealThread.X-CUBE-RT-Thread_Nano.4.1.1
2025-08-01 18:52:04,625 [WARN] PackLoader:240 - Cannot read IP mode file for STMicroelectronics.FP-ATR-SIGFOX1.3.2.0
2025-08-01 18:52:04,632 [WARN] PackLoader:240 - Cannot read IP mode file for STMicroelectronics.X-CUBE-EEPRMA1.5.1.0
2025-08-01 18:52:04,640 [WARN] PackLoader:240 - Cannot read IP mode file for ITTIA_DB.I-CUBE-ITTIADB.8.9.0
2025-08-01 18:52:04,645 [WARN] PackLoader:240 - Cannot read IP mode file for STMicroelectronics.X-CUBE-ST67W61.1.0.0
2025-08-01 18:52:04,671 [WARN] PackLoader:240 - Cannot read IP mode file for SEGGER.I-CUBE-embOS.1.3.1
2025-08-01 18:52:04,707 [WARN] PackLoader:240 - Cannot read IP mode file for STMicroelectronics.X-CUBE-ALGOBUILD.1.4.0
2025-08-01 18:52:04,745 [WARN] PackLoader:240 - Cannot read IP mode file for STMicroelectronics.X-CUBE-MEMS1.11.3.0
2025-08-01 18:52:04,868 [WARN] PackLoader:240 - Cannot read IP mode file for STMicroelectronics.X-CUBE-PM33A1.1.0.0
2025-08-01 18:52:04,882 [WARN] PackLoader:240 - Cannot read IP mode file for STMicroelectronics.X-CUBE-AZRTOS-F4.1.1.0
2025-08-01 18:52:04,886 [WARN] PackLoader:240 - Cannot read IP mode file for Avnet-IotConnect.X-CUBE-IoTC-DA16k-PMOD.1.0.0
2025-08-01 18:52:04,891 [WARN] PackLoader:240 - Cannot read IP mode file for STMicroelectronics.X-CUBE-ISPU.2.1.0
2025-08-01 18:52:04,897 [WARN] PackLoader:240 - Cannot read IP mode file for STMicroelectronics.X-CUBE-NFC12.1.0.0
2025-08-01 18:52:04,911 [WARN] PackLoader:240 - Cannot read IP mode file for STMicroelectronics.X-CUBE-AZRTOS-L5.2.0.0
2025-08-01 18:52:04,921 [WARN] PackLoader:240 - Cannot read IP mode file for STMicroelectronics.X-CUBE-NFC6.3.1.0
2025-08-01 18:52:04,929 [WARN] PackLoader:240 - Cannot read IP mode file for STMicroelectronics.X-CUBE-FREERTOS.1.3.1
2025-08-01 18:52:04,933 [WARN] PackLoader:240 - Cannot read IP mode file for STMicroelectronics.FP-SNS-STAIOTCFT.1.0.0
2025-08-01 18:52:04,938 [WARN] PackLoader:240 - Cannot read IP mode file for STMicroelectronics.X-CUBE-DPower.1.3.0
2025-08-01 18:52:04,971 [WARN] ConditionMgr:438 - getConditionDescription Invalid condition id : LAN8742 Phy interface Condition cause : null
2025-08-01 18:52:04,973 [WARN] PackLoader:240 - Cannot read IP mode file for STMicroelectronics.X-CUBE-AZRTOS-L4.2.0.0
2025-08-01 18:52:04,974 [WARN] ConditionMgr:1044 - genDependencies : Invalid condition id : LAN8742 Phy interface Condition cause : null
2025-08-01 18:52:04,974 [WARN] ConditionMgr:1044 - genDependencies : Invalid condition id : LAN8742 Phy interface Condition cause : null
2025-08-01 18:52:04,975 [WARN] ConditionMgr:1044 - genDependencies : Invalid condition id : LAN8742 Phy interface Condition cause : null
2025-08-01 18:52:04,985 [WARN] PackLoader:240 - Cannot read IP mode file for STMicroelectronics.X-CUBE-SFXS2LP1.4.0.0
2025-08-01 18:52:04,999 [WARN] PackLoader:240 - Cannot read IP mode file for STMicroelectronics.X-CUBE-BLEMGR.4.1.0
2025-08-01 18:52:05,019 [WARN] ConditionMgr:438 - getConditionDescription Invalid condition id : UX DEVICE CLASS RTOS Condition cause : null
2025-08-01 18:52:05,019 [WARN] ConditionMgr:438 - getConditionDescription Invalid condition id : UX DEVICE CLASS RTOS Condition cause : null
2025-08-01 18:52:05,021 [WARN] PackLoader:240 - Cannot read IP mode file for STMicroelectronics.X-CUBE-AZRTOS-WB.2.0.0
2025-08-01 18:52:05,022 [WARN] ConditionMgr:1044 - genDependencies : Invalid condition id : UX DEVICE CLASS RTOS Condition cause : null
2025-08-01 18:52:05,022 [WARN] ConditionMgr:1044 - genDependencies : Invalid condition id : UX DEVICE CLASS RTOS Condition cause : null
2025-08-01 18:52:05,022 [WARN] ConditionMgr:1044 - genDependencies : Invalid condition id : UX DEVICE CLASS RTOS Condition cause : null
2025-08-01 18:52:05,023 [WARN] ConditionMgr:1044 - genDependencies : Invalid condition id : UX DEVICE CLASS RTOS Condition cause : null
2025-08-01 18:52:05,023 [WARN] ConditionMgr:1044 - genDependencies : Invalid condition id : UX DEVICE CLASS RTOS Condition cause : null
2025-08-01 18:52:05,030 [WARN] PackLoader:240 - Cannot read IP mode file for STMicroelectronics.X-CUBE-GNSS1.7.0.1
2025-08-01 18:52:05,035 [WARN] PackLoader:240 - Cannot read IP mode file for STMicroelectronics.X-CUBE-TOUCHGFX.4.25.0
2025-08-01 18:52:05,052 [WARN] PackLoader:240 - Cannot read IP mode file for STMicroelectronics.FP-SNS-STBOX1.2.0.0
2025-08-01 18:52:05,065 [WARN] PackLoader:240 - Cannot read IP mode file for STMicroelectronics.X-CUBE-SUBG2.5.0.0
2025-08-01 18:52:05,090 [WARN] PackLoader:240 - Cannot read IP mode file for STMicroelectronics.X-CUBE-AZRTOS-H7RS.1.1.0
2025-08-01 18:52:05,098 [WARN] PackLoader:240 - Cannot read IP mode file for Cesanta.I-CUBE-Mongoose.7.13.0
2025-08-01 18:52:05,109 [WARN] PackLoader:240 - Cannot read IP mode file for STMicroelectronics.X-CUBE-AZRTOS-G4.2.0.0
2025-08-01 18:52:05,114 [WARN] PackLoader:240 - Cannot read IP mode file for wolfSSL.I-CUBE-wolfSSH.1.4.20
2025-08-01 18:52:05,118 [WARN] PackLoader:240 - Cannot read IP mode file for STMicroelectronics.X-CUBE-NFC7.2.0.0
2025-08-01 18:52:05,133 [WARN] PackLoader:240 - Cannot read IP mode file for STMicroelectronics.X-CUBE-IPS.3.1.0
2025-08-01 18:52:05,141 [WARN] PackLoader:240 - Cannot read IP mode file for STMicroelectronics.X-CUBE-ALS.1.0.2
2025-08-01 18:52:05,147 [WARN] PackLoader:240 - Cannot read IP mode file for portGmbH.I-Cube-SoM-uGOAL.1.1.0
2025-08-01 18:52:05,156 [WARN] PackLoader:240 - Cannot read IP mode file for STMicroelectronics.X-CUBE-TOF1.3.4.3
2025-08-01 18:52:05,165 [INFO] ThirdParty:978 - Integrity check success = true
2025-08-01 18:52:05,165 [INFO] IntegrityCheckThread:100 - exiting critical section [integrity check]
2025-08-01 18:52:05,165 [INFO] IntegrityCheckThread:103 - End integrity checks thread
2025-08-01 18:52:11,009 [ERROR] LogOutputStream:75 - [STDERR_REDIRECT] 
2025-08-01 18:52:11,010 [ERROR] LogOutputStream:75 - [STDERR_REDIRECT] 
