2025-08-16 07:50:35,901 [INFO] WebApp:194 - Connection lost
2025-08-16 07:50:39,161 [INFO] WebApp:191 - Connection restablished
2025-08-16 19:44:13,127 [INFO] Activator:176 - 


2025-08-16 19:44:13,131 [INFO] Activator:177 - !SESSION log4j initialized
2025-08-16 19:44:19,981 [INFO] LogOutputStream:77 - [STDOUT_REDIRECT] 
2025-08-16 19:44:22,787 [INFO] ApplicationProperties:184 - Using Application install path: C:\ST\STM32CubeIDE_1.18.1\STM32CubeIDE\plugins\com.st.stm32cube.common.mx_6.15.0.202507011659
2025-08-16 19:44:22,818 [INFO] DbMcusXml:78 - Set database path to: C:\ST\STM32CubeIDE_1.18.1\STM32CubeIDE\plugins\com.st.stm32cube.common.mx_6.15.0.202507011659\\db\/mcu/
2025-08-16 19:44:22,819 [INFO] ApiDb:274 - Set plugin database path to: C:\ST\STM32CubeIDE_1.18.1\STM32CubeIDE\plugins\com.st.stm32cube.common.mx_6.15.0.202507011659\\db\/plugins/boardmanager/
2025-08-16 19:44:22,819 [WARN] ApiDb:259 - Overriding images path with different value:  => C:\ST\STM32CubeIDE_1.18.1\STM32CubeIDE\plugins\com.st.stm32cube.common.mx_6.15.0.202507011659\\db\/plugins/mcufinder/images/
2025-08-16 19:44:22,833 [INFO] ApiDb:250 - Set database path to: C:\Users\yogo\.stmcufinder\plugins\mcufinder//mcu/
2025-08-16 19:44:22,835 [INFO] DbMcusAds:125 - Set database path to: C:\Users\yogo\.stmcufinder\plugins\mcufinder//mcu/
2025-08-16 19:44:22,843 [INFO] CrossReferenceDbSqlite:203 - Set database path to: C:\Users\yogo\.stmcufinder\plugins\mcufinder//mcu/cs/
2025-08-16 19:44:23,008 [INFO] RulesReader:64 - Compatibility file has been processed (317 Rules)
2025-08-16 19:44:23,156 [INFO] DbMcusXml:78 - Set database path to: C:\ST\STM32CubeIDE_1.18.1\STM32CubeIDE\plugins\com.st.stm32cube.common.mx_6.15.0.202507011659\\db\/mcu/
2025-08-16 19:44:23,157 [INFO] ApiDb:274 - Set plugin database path to: C:\ST\STM32CubeIDE_1.18.1\STM32CubeIDE\plugins\com.st.stm32cube.common.mx_6.15.0.202507011659\\db\/plugins/boardmanager/
2025-08-16 19:44:23,157 [INFO] ApiDb:261 - Set plugin images path to: C:\ST\STM32CubeIDE_1.18.1\STM32CubeIDE\plugins\com.st.stm32cube.common.mx_6.15.0.202507011659\\db\/plugins/mcufinder/images/
2025-08-16 19:44:23,158 [WARN] DbFile:41 - Overriding database path with different value: C:\Users\yogo\.stmcufinder\plugins\mcufinder/ => C:\Users\yogo\.stmcufinder\plugins\mcufinder
2025-08-16 19:44:23,158 [INFO] ApiDb:250 - Set database path to: C:\Users\yogo\.stmcufinder\plugins\mcufinder//mcu/
2025-08-16 19:44:23,159 [WARN] DbFile:41 - Overriding database path with different value: C:\Users\yogo\.stmcufinder\plugins\mcufinder/ => C:\Users\yogo\.stmcufinder\plugins\mcufinder
2025-08-16 19:44:23,159 [INFO] DbMcusAds:125 - Set database path to: C:\Users\yogo\.stmcufinder\plugins\mcufinder//mcu/
2025-08-16 19:44:23,159 [WARN] DbFile:41 - Overriding database path with different value: C:\Users\yogo\.stmcufinder\plugins\mcufinder/ => C:\Users\yogo\.stmcufinder\plugins\mcufinder
2025-08-16 19:44:23,159 [WARN] DbFile:41 - Overriding database path with different value: C:\Users\yogo\.stmcufinder\plugins\mcufinder/ => C:\Users\yogo\.stmcufinder\plugins\mcufinder
2025-08-16 19:44:23,170 [INFO] CrossReferenceDbSqlite:203 - Set database path to: C:\Users\yogo\.stmcufinder\plugins\mcufinder//mcu/cs/
2025-08-16 19:44:23,323 [INFO] MainPanel:274 - HeapMemory: 268435456
2025-08-16 19:44:23,541 [INFO] DbMcusXml:78 - Set database path to: C:\ST\STM32CubeIDE_1.18.1\STM32CubeIDE\plugins\com.st.stm32cube.common.mx_6.15.0.202507011659\\db\/mcu/
2025-08-16 19:44:23,541 [INFO] ApiDb:274 - Set plugin database path to: C:\ST\STM32CubeIDE_1.18.1\STM32CubeIDE\plugins\com.st.stm32cube.common.mx_6.15.0.202507011659\\db\/plugins/boardmanager/
2025-08-16 19:44:23,541 [INFO] ApiDb:261 - Set plugin images path to: C:\ST\STM32CubeIDE_1.18.1\STM32CubeIDE\plugins\com.st.stm32cube.common.mx_6.15.0.202507011659\\db\/plugins/mcufinder/images/
2025-08-16 19:44:23,542 [WARN] DbFile:41 - Overriding database path with different value: C:\Users\yogo\.stmcufinder\plugins\mcufinder/ => C:\Users\yogo\.stmcufinder\plugins\mcufinder
2025-08-16 19:44:23,542 [INFO] ApiDb:250 - Set database path to: C:\Users\yogo\.stmcufinder\plugins\mcufinder//mcu/
2025-08-16 19:44:23,542 [WARN] DbFile:41 - Overriding database path with different value: C:\Users\yogo\.stmcufinder\plugins\mcufinder/ => C:\Users\yogo\.stmcufinder\plugins\mcufinder
2025-08-16 19:44:23,543 [INFO] DbMcusAds:125 - Set database path to: C:\Users\yogo\.stmcufinder\plugins\mcufinder//mcu/
2025-08-16 19:44:23,543 [WARN] DbFile:41 - Overriding database path with different value: C:\Users\yogo\.stmcufinder\plugins\mcufinder/ => C:\Users\yogo\.stmcufinder\plugins\mcufinder
2025-08-16 19:44:23,543 [WARN] DbFile:41 - Overriding database path with different value: C:\Users\yogo\.stmcufinder\plugins\mcufinder/ => C:\Users\yogo\.stmcufinder\plugins\mcufinder
2025-08-16 19:44:23,549 [INFO] CrossReferenceDbSqlite:203 - Set database path to: C:\Users\yogo\.stmcufinder\plugins\mcufinder//mcu/cs/
2025-08-16 19:44:23,592 [INFO] ApplicationProperties:184 - Using Application install path: C:\ST\STM32CubeIDE_1.18.1\STM32CubeIDE\plugins\com.st.stm32cube.common.mx_6.15.0.202507011659
2025-08-16 19:44:23,595 [INFO] PluginManage:196 - Search for loadable plugins [exclusion list=, ]
2025-08-16 19:44:23,598 [INFO] PluginManage:310 - Check plugin analytics
2025-08-16 19:44:23,929 [INFO] AnalyticsPlugin:253 - Accepted Software Licenses: STM32CubeMX.6.15.0
2025-08-16 19:44:23,929 [INFO] AnalyticsPlugin:255 - Accepted CMSIS Pack Licenses: 
2025-08-16 19:44:23,930 [INFO] AnalyticsPlugin:257 - Accepted Firmware Licenses: FW.F4.1.28.0
2025-08-16 19:44:23,934 [INFO] PluginManage:359 - Loaded plugin analytics (category:tool,tabindex:-1)
2025-08-16 19:44:23,935 [INFO] PluginManage:310 - Check plugin cadmodel
2025-08-16 19:44:23,945 [INFO] CADModel:105 - Init CAD model plugin
2025-08-16 19:44:23,945 [INFO] PluginManage:359 - Loaded plugin cadmodel (category:power,tabindex:5)
2025-08-16 19:44:23,945 [INFO] PluginManage:310 - Check plugin clock
2025-08-16 19:44:23,957 [INFO] PluginManage:359 - Loaded plugin clock (category:base,tabindex:2)
2025-08-16 19:44:23,957 [INFO] PluginManage:310 - Check plugin ddr
2025-08-16 19:44:23,961 [INFO] PluginManage:359 - Loaded plugin ddr (category:tool,tabindex:6)
2025-08-16 19:44:23,961 [INFO] PluginManage:310 - Check plugin filemanager
2025-08-16 19:44:24,163 [INFO] PluginManage:359 - Loaded plugin filemanager (category:base,tabindex:10)
2025-08-16 19:44:24,164 [INFO] PluginManage:310 - Check plugin ipmanager
2025-08-16 19:44:24,171 [INFO] PluginManage:359 - Loaded plugin ipmanager (category:base,tabindex:5)
2025-08-16 19:44:24,172 [INFO] PluginManage:310 - Check plugin lpbam
2025-08-16 19:44:24,183 [INFO] PluginManage:359 - Loaded plugin lpbam (category:base,tabindex:0)
2025-08-16 19:44:24,183 [INFO] PluginManage:310 - Check plugin memorymap
2025-08-16 19:44:24,203 [INFO] PluginManage:359 - Loaded plugin memorymap (category:base,tabindex:4)
2025-08-16 19:44:24,203 [INFO] PluginManage:310 - Check plugin pinoutandconfiguration
2025-08-16 19:44:24,218 [INFO] PluginManage:359 - Loaded plugin pinoutandconfiguration (category:base,tabindex:1)
2025-08-16 19:44:24,218 [INFO] PluginManage:310 - Check plugin pinoutconfig
2025-08-16 19:44:24,360 [WARN] SupportedApi:132 - Cannot load RTOS API schema: s4s-elt-must-match.1: The content of 'definitions' must match (annotation?, (simpleType | complexType)?, (unique | key | keyref)*)). A problem was found starting at: attribute.
2025-08-16 19:44:24,607 [INFO] PluginManage:359 - Loaded plugin pinoutconfig (category:base,tabindex:0)
2025-08-16 19:44:24,607 [INFO] PluginManage:310 - Check plugin power
2025-08-16 19:44:24,621 [INFO] PluginManage:359 - Loaded plugin power (category:power,tabindex:4)
2025-08-16 19:44:24,621 [INFO] PluginManage:310 - Check plugin projectmanager
2025-08-16 19:44:24,642 [INFO] PluginManage:359 - Loaded plugin projectmanager (category:projectmanager,tabindex:4)
2025-08-16 19:44:24,642 [INFO] PluginManage:310 - Check plugin rif
2025-08-16 19:44:24,657 [INFO] PluginManage:359 - Loaded plugin rif (category:base,tabindex:3)
2025-08-16 19:44:24,657 [INFO] PluginManage:310 - Check plugin thirdparty
2025-08-16 19:44:24,848 [INFO] PluginManage:359 - Loaded plugin thirdparty (category:base,tabindex:-1)
2025-08-16 19:44:24,848 [INFO] PluginManage:310 - Check plugin tools
2025-08-16 19:44:24,848 [WARN] IntegrityCheckThread:84 - waiting for thirdparty lock release [integrity check]
2025-08-16 19:44:24,849 [INFO] IntegrityCheckThread:86 - entering critical section [integrity check]
2025-08-16 19:44:24,849 [INFO] ThirdPartyUpdaterWithRetryManager:70 - Updater plugin not ready yet. [1/15]
2025-08-16 19:44:24,855 [INFO] PluginManage:359 - Loaded plugin tools (category:base,tabindex:7)
2025-08-16 19:44:24,855 [INFO] PluginManage:310 - Check plugin tutovideos
2025-08-16 19:44:25,184 [INFO] PluginManage:359 - Loaded plugin tutovideos (category:base,tabindex:-1)
2025-08-16 19:44:25,184 [INFO] PluginManage:310 - Check plugin updater
2025-08-16 19:44:25,208 [INFO] PluginManage:359 - Loaded plugin updater (category:base,tabindex:12)
2025-08-16 19:44:25,208 [INFO] PluginManage:310 - Check plugin userauth
2025-08-16 19:44:25,213 [INFO] UserAuth:118 - Init User Auth plugin
2025-08-16 19:44:25,215 [INFO] PluginManage:359 - Loaded plugin userauth (category:base,tabindex:14)
2025-08-16 19:44:25,215 [INFO] PluginManage:283 - PluginManage : Loaded plugins [18]
2025-08-16 19:44:25,476 [INFO] PinOutPanel:1589 - setPackage(No Configuration,No Configuration)
2025-08-16 19:44:25,590 [INFO] CADModel:165 - CPN selected for project level
2025-08-16 19:44:25,590 [INFO] CADModel:114 - Register for checkConnection events
2025-08-16 19:44:25,614 [INFO] IPUIPlugin:80 - create IPUIPlugin
2025-08-16 19:44:25,614 [INFO] PluginManager:220 - loadIPPluginJar : add adc
2025-08-16 19:44:25,618 [INFO] IPUIPlugin:80 - create IPUIPlugin
2025-08-16 19:44:25,618 [INFO] PluginManager:220 - loadIPPluginJar : add aes
2025-08-16 19:44:25,621 [INFO] IPUIPlugin:80 - create IPUIPlugin
2025-08-16 19:44:25,622 [INFO] PluginManager:220 - loadIPPluginJar : add can
2025-08-16 19:44:25,624 [INFO] IPUIPlugin:80 - create IPUIPlugin
2025-08-16 19:44:25,624 [INFO] PluginManager:220 - loadIPPluginJar : add comp
2025-08-16 19:44:25,627 [INFO] IPUIPlugin:80 - create IPUIPlugin
2025-08-16 19:44:25,627 [INFO] PluginManager:220 - loadIPPluginJar : add cryp
2025-08-16 19:44:25,633 [INFO] IPUIPlugin:80 - create IPUIPlugin
2025-08-16 19:44:25,633 [INFO] PluginManager:220 - loadIPPluginJar : add ddr_ctrl_phy
2025-08-16 19:44:25,636 [INFO] IPUIPlugin:80 - create IPUIPlugin
2025-08-16 19:44:25,636 [INFO] PluginManager:220 - loadIPPluginJar : add dfsdm
2025-08-16 19:44:25,643 [INFO] IPUIPlugin:80 - create IPUIPlugin
2025-08-16 19:44:25,644 [INFO] PluginManager:220 - loadIPPluginJar : add dma
2025-08-16 19:44:25,647 [INFO] IPUIPlugin:80 - create IPUIPlugin
2025-08-16 19:44:25,648 [INFO] PluginManager:220 - loadIPPluginJar : add dma3
2025-08-16 19:44:25,652 [INFO] IPUIPlugin:80 - create IPUIPlugin
2025-08-16 19:44:25,652 [INFO] PluginManager:220 - loadIPPluginJar : add extmemmanager
2025-08-16 19:44:25,656 [INFO] IPUIPlugin:80 - create IPUIPlugin
2025-08-16 19:44:25,656 [INFO] PluginManager:220 - loadIPPluginJar : add fatfs
2025-08-16 19:44:25,664 [INFO] IPUIPlugin:80 - create IPUIPlugin
2025-08-16 19:44:25,664 [INFO] PluginManager:220 - loadIPPluginJar : add fmc
2025-08-16 19:44:25,672 [INFO] IPUIPlugin:80 - create IPUIPlugin
2025-08-16 19:44:25,672 [INFO] PluginManager:220 - loadIPPluginJar : add freertos
2025-08-16 19:44:25,674 [INFO] IPUIPlugin:80 - create IPUIPlugin
2025-08-16 19:44:25,675 [INFO] PluginManager:220 - loadIPPluginJar : add genericplugin
2025-08-16 19:44:25,678 [INFO] IPUIPlugin:80 - create IPUIPlugin
2025-08-16 19:44:25,678 [INFO] PluginManager:220 - loadIPPluginJar : add gfxmmu
2025-08-16 19:44:25,685 [INFO] IPUIPlugin:80 - create IPUIPlugin
2025-08-16 19:44:25,686 [INFO] PluginManager:220 - loadIPPluginJar : add gic
2025-08-16 19:44:25,693 [INFO] IPUIPlugin:80 - create IPUIPlugin
2025-08-16 19:44:25,693 [INFO] PluginManager:220 - loadIPPluginJar : add gpio
2025-08-16 19:44:25,697 [INFO] IPUIPlugin:80 - create IPUIPlugin
2025-08-16 19:44:25,698 [INFO] PluginManager:220 - loadIPPluginJar : add gtzc
2025-08-16 19:44:25,702 [INFO] IPUIPlugin:80 - create IPUIPlugin
2025-08-16 19:44:25,702 [INFO] PluginManager:220 - loadIPPluginJar : add hash
2025-08-16 19:44:25,706 [INFO] IPUIPlugin:80 - create IPUIPlugin
2025-08-16 19:44:25,706 [INFO] PluginManager:220 - loadIPPluginJar : add i2c
2025-08-16 19:44:25,709 [INFO] IPUIPlugin:80 - create IPUIPlugin
2025-08-16 19:44:25,709 [INFO] PluginManager:220 - loadIPPluginJar : add i2s
2025-08-16 19:44:25,713 [INFO] IPUIPlugin:80 - create IPUIPlugin
2025-08-16 19:44:25,713 [INFO] PluginManager:220 - loadIPPluginJar : add i3c
2025-08-16 19:44:25,718 [INFO] IPUIPlugin:80 - create IPUIPlugin
2025-08-16 19:44:25,718 [INFO] PluginManager:220 - loadIPPluginJar : add ipddr
2025-08-16 19:44:25,727 [INFO] IPUIPlugin:80 - create IPUIPlugin
2025-08-16 19:44:25,727 [INFO] PluginManager:220 - loadIPPluginJar : add linkedlist
2025-08-16 19:44:25,732 [INFO] IPUIPlugin:80 - create IPUIPlugin
2025-08-16 19:44:25,732 [INFO] PluginManager:220 - loadIPPluginJar : add lorawan
2025-08-16 19:44:25,734 [INFO] IPUIPlugin:80 - create IPUIPlugin
2025-08-16 19:44:25,734 [INFO] PluginManager:220 - loadIPPluginJar : add ltdc
2025-08-16 19:44:25,742 [INFO] IPUIPlugin:80 - create IPUIPlugin
2025-08-16 19:44:25,742 [INFO] PluginManager:220 - loadIPPluginJar : add mdma
2025-08-16 19:44:25,747 [INFO] IPUIPlugin:80 - create IPUIPlugin
2025-08-16 19:44:25,747 [INFO] PluginManager:220 - loadIPPluginJar : add nvic
2025-08-16 19:44:25,751 [INFO] IPUIPlugin:80 - create IPUIPlugin
2025-08-16 19:44:25,751 [INFO] PluginManager:220 - loadIPPluginJar : add opamp
2025-08-16 19:44:25,758 [INFO] IPUIPlugin:80 - create IPUIPlugin
2025-08-16 19:44:25,758 [INFO] PluginManager:220 - loadIPPluginJar : add openamp
2025-08-16 19:44:25,765 [INFO] IPUIPlugin:80 - create IPUIPlugin
2025-08-16 19:44:25,766 [INFO] PluginManager:220 - loadIPPluginJar : add pdm2pcm
2025-08-16 19:44:25,773 [INFO] IPUIPlugin:80 - create IPUIPlugin
2025-08-16 19:44:25,777 [INFO] PluginManager:220 - loadIPPluginJar : add plateformsettings
2025-08-16 19:44:25,779 [INFO] IPUIPlugin:80 - create IPUIPlugin
2025-08-16 19:44:25,780 [INFO] PluginManager:220 - loadIPPluginJar : add quadspi
2025-08-16 19:44:25,783 [INFO] IPUIPlugin:80 - create IPUIPlugin
2025-08-16 19:44:25,784 [INFO] PluginManager:220 - loadIPPluginJar : add radio
2025-08-16 19:44:25,788 [INFO] IPUIPlugin:80 - create IPUIPlugin
2025-08-16 19:44:25,788 [INFO] PluginManager:220 - loadIPPluginJar : add resmgrutility
2025-08-16 19:44:25,792 [INFO] IPUIPlugin:80 - create IPUIPlugin
2025-08-16 19:44:25,792 [INFO] PluginManager:220 - loadIPPluginJar : add sai
2025-08-16 19:44:25,798 [INFO] IPUIPlugin:80 - create IPUIPlugin
2025-08-16 19:44:25,798 [INFO] PluginManager:220 - loadIPPluginJar : add spi
2025-08-16 19:44:25,805 [INFO] IPUIPlugin:80 - create IPUIPlugin
2025-08-16 19:44:25,805 [INFO] PluginManager:220 - loadIPPluginJar : add stm32_wpan
2025-08-16 19:44:25,808 [INFO] IPUIPlugin:80 - create IPUIPlugin
2025-08-16 19:44:25,808 [INFO] PluginManager:220 - loadIPPluginJar : add tim
2025-08-16 19:44:25,813 [INFO] IPUIPlugin:80 - create IPUIPlugin
2025-08-16 19:44:25,814 [INFO] PluginManager:220 - loadIPPluginJar : add touchsensing
2025-08-16 19:44:25,817 [INFO] IPUIPlugin:80 - create IPUIPlugin
2025-08-16 19:44:25,817 [INFO] PluginManager:220 - loadIPPluginJar : add tracer_emb
2025-08-16 19:44:25,820 [INFO] IPUIPlugin:80 - create IPUIPlugin
2025-08-16 19:44:25,821 [INFO] PluginManager:220 - loadIPPluginJar : add ts
2025-08-16 19:44:25,823 [INFO] IPUIPlugin:80 - create IPUIPlugin
2025-08-16 19:44:25,823 [INFO] PluginManager:220 - loadIPPluginJar : add tsc
2025-08-16 19:44:25,826 [INFO] IPUIPlugin:80 - create IPUIPlugin
2025-08-16 19:44:25,826 [INFO] PluginManager:220 - loadIPPluginJar : add ucpd
2025-08-16 19:44:25,831 [INFO] IPUIPlugin:80 - create IPUIPlugin
2025-08-16 19:44:25,831 [INFO] PluginManager:220 - loadIPPluginJar : add usart
2025-08-16 19:44:25,836 [INFO] IPUIPlugin:80 - create IPUIPlugin
2025-08-16 19:44:25,836 [INFO] PluginManager:220 - loadIPPluginJar : add usbx
2025-08-16 19:44:25,973 [FATAL] Updater:351 - Updater called before beeing initialized
2025-08-16 19:44:26,052 [INFO] RulesReader:64 - Compatibility file has been processed (317 Rules)
2025-08-16 19:44:26,072 [INFO] RulesReader:64 - Compatibility file has been processed (317 Rules)
2025-08-16 19:44:26,090 [INFO] CADModel:165 - CPN selected for project level
2025-08-16 19:44:26,091 [INFO] CADModel:114 - Register for checkConnection events
2025-08-16 19:44:26,091 [FATAL] Updater:351 - Updater called before beeing initialized
2025-08-16 19:44:26,091 [ERROR] CADModel:125 - Updater not yet initialized, retry later 
2025-08-16 19:44:26,274 [FATAL] Updater:351 - Updater called before beeing initialized
2025-08-16 19:44:26,277 [INFO] CADModel:165 - CPN selected for project level
2025-08-16 19:44:26,277 [INFO] CADModel:114 - Register for checkConnection events
2025-08-16 19:44:26,277 [FATAL] Updater:351 - Updater called before beeing initialized
2025-08-16 19:44:26,277 [ERROR] CADModel:125 - Updater not yet initialized, retry later 
2025-08-16 19:44:26,281 [FATAL] Updater:351 - Updater called before beeing initialized
2025-08-16 19:44:26,402 [FATAL] Updater:351 - Updater called before beeing initialized
2025-08-16 19:44:26,406 [INFO] DbMcusAds:53 - JSON generation date=Tue Jul 08 16:14:23 CST 2025 (1751962463582)
2025-08-16 19:44:26,406 [FATAL] Updater:351 - Updater called before beeing initialized
2025-08-16 19:44:26,480 [WARN] DetailPanel:346 - Failed to get advertising image, set to default
2025-08-16 19:44:26,557 [FATAL] Updater:351 - Updater called before beeing initialized
2025-08-16 19:44:26,559 [FATAL] Updater:351 - Updater called before beeing initialized
2025-08-16 19:44:26,560 [FATAL] Updater:351 - Updater called before beeing initialized
2025-08-16 19:44:26,560 [WARN] DetailPanel:346 - Failed to get advertising image, set to default
2025-08-16 19:44:26,561 [FATAL] Updater:351 - Updater called before beeing initialized
2025-08-16 19:44:26,614 [ERROR] Updater:1198 - MainUpdater not yet initialized. External WinMGr cannot be set.
2025-08-16 19:44:26,616 [INFO] Updater:1134 - Updater Version found : 6.15.0
2025-08-16 19:44:26,642 [INFO] ApplicationProperties:184 - Using Application install path: C:\ST\STM32CubeIDE_1.18.1\STM32CubeIDE\plugins\com.st.stm32cube.common.mx_6.15.0.202507011659
2025-08-16 19:44:27,850 [INFO] ThirdPartyUpdaterWithRetryManager:70 - Updater plugin not ready yet. [2/15]
2025-08-16 19:44:28,241 [ERROR] LogOutputStream:75 - [STDERR_REDIRECT] Aug 16, 2025 7:44:28 PM java.util.prefs.WindowsPreferences <init>
2025-08-16 19:44:28,247 [ERROR] LogOutputStream:75 - [STDERR_REDIRECT] WARNING: Could not open/create prefs root node Software\JavaSoft\Prefs at root 0xffffffff80000002. Windows RegCreateKeyEx(...) returned error code 5.
2025-08-16 19:44:28,248 [ERROR] LogOutputStream:75 - [STDERR_REDIRECT] 
2025-08-16 19:44:28,802 [INFO] MainUpdater:2872 - connection check result : 10
2025-08-16 19:44:28,802 [INFO] MainUpdater:3604 - Updater definition file requires update
2025-08-16 19:44:28,804 [INFO] MainUpdater:289 - Updater Check For Update Now.
2025-08-16 19:44:28,805 [INFO] MicroXplorer:498 - Change Database Version : DB.6.0.150
2025-08-16 19:44:28,820 [INFO] McuFinderGlobals:63 - Set McuFinder mode to 2 (CubeIDE integrated)
2025-08-16 19:44:28,822 [INFO] UserAuth:487 - Internet connection configuration mode: 1
2025-08-16 19:44:28,870 [INFO] JxBrowserEngine:152 - Initiate JxBrowser Engine with user profile folder
2025-08-16 19:44:29,014 [INFO] ServerAccessManage:452 - Complete download http(s) 200
2025-08-16 19:44:29,016 [INFO] ServerAccessManage:509 - Download File updaters.zip
2025-08-16 19:44:29,147 [INFO] FileExtend:248 - Unzip File : updaters.zip
2025-08-16 19:44:29,148 [INFO] FileExtend:263 - Standard Zip Deflate
2025-08-16 19:44:29,650 [INFO] ServerAccessManage:452 - Complete download http(s) 200
2025-08-16 19:44:29,650 [INFO] ServerAccessManage:509 - Download File PacksControlFlags.xml
2025-08-16 19:44:29,731 [INFO] ServerAccessManage:452 - Complete download http(s) 200
2025-08-16 19:44:29,731 [INFO] ServerAccessManage:509 - Download File cubemx.pidx
2025-08-16 19:44:29,879 [INFO] LoadServerUpdatesThread:375 - End of LoadServerUpdate Thread
2025-08-16 19:44:30,070 [INFO] CheckServerUpdateThread:120 - End of CheckServer Thread
2025-08-16 19:44:30,977 [INFO] WebApp:169 - Instantiating new browser for Auth
2025-08-16 19:44:31,299 [WARN] PackLoader:240 - Cannot read IP mode file for STMicroelectronics.FP-SNS-MOTENVWB1.1.4.0
2025-08-16 19:44:31,311 [WARN] PackLoader:240 - Cannot read IP mode file for STMicroelectronics.FP-ATR-ASTRA1.2.0.2
2025-08-16 19:44:31,323 [WARN] PackLoader:240 - Cannot read IP mode file for STMicroelectronics.X-CUBE-SMBUS.2.1.0
2025-08-16 19:44:31,330 [WARN] PackLoader:240 - Cannot read IP mode file for STMicroelectronics.X-CUBE-ST60.1.0.0
2025-08-16 19:44:31,379 [WARN] PackLoader:240 - Cannot read IP mode file for STMicroelectronics.X-CUBE-AZRTOS-F7.1.1.0
2025-08-16 19:44:31,425 [WARN] PackLoader:240 - Cannot read IP mode file for Infineon.AIROC-Wi-Fi-Bluetooth-STM32.1.7.1
2025-08-16 19:44:31,468 [WARN] PackLoader:240 - Cannot read IP mode file for STMicroelectronics.X-CUBE-AZRTOS-H7.3.4.0
2025-08-16 19:44:31,483 [WARN] PackLoader:240 - Cannot read IP mode file for STMicroelectronics.X-CUBE-DISPLAY.3.0.0
2025-08-16 19:44:31,502 [WARN] PackLoader:240 - Cannot read IP mode file for STMicroelectronics.X-CUBE-NFC10.1.0.0
2025-08-16 19:44:31,523 [WARN] PackLoader:240 - Cannot read IP mode file for STMicroelectronics.X-CUBE-BLEMGR.4.0.0
2025-08-16 19:44:31,534 [WARN] PackLoader:240 - Cannot read IP mode file for emotas.I-CUBE-CANOPEN.1.3.0
2025-08-16 19:44:31,541 [WARN] ConditionMgr:438 - getConditionDescription Invalid condition id : Cortex-A Device cause : null
2025-08-16 19:44:31,555 [WARN] ConditionMgr:1044 - genDependencies : Invalid condition id : Cortex-A Device cause : null
2025-08-16 19:44:31,556 [WARN] ConditionMgr:1044 - genDependencies : Invalid condition id : Cortex-A Device cause : null
2025-08-16 19:44:31,556 [WARN] ConditionMgr:1044 - genDependencies : Invalid condition id : Cortex-A Device cause : null
2025-08-16 19:44:31,566 [WARN] PackLoader:240 - Cannot read IP mode file for STMicroelectronics.FP-SNS-STBOX1.2.1.0
2025-08-16 19:44:31,574 [WARN] PackLoader:240 - Cannot read IP mode file for STMicroelectronics.FP-SNS-SMARTAG2.1.2.0
2025-08-16 19:44:31,582 [WARN] PackLoader:240 - Cannot read IP mode file for STMicroelectronics.FP-SNS-FLIGHT1.5.1.0
2025-08-16 19:44:31,595 [INFO] LogOutputStream:77 - [STDOUT_REDIRECT] 1 : Invalid condition id : UX_CORESTACK_Condition cause : null
2025-08-16 19:44:31,596 [INFO] LogOutputStream:77 - [STDOUT_REDIRECT] 1 : Invalid condition id : UX_CORESTACK_Condition cause : null
2025-08-16 19:44:31,597 [INFO] LogOutputStream:77 - [STDOUT_REDIRECT] 1 : Invalid condition id : UX_CORESTACK_Condition cause : null
2025-08-16 19:44:31,599 [INFO] LogOutputStream:77 - [STDOUT_REDIRECT] 1 : Invalid condition id : UX_CORESTACK_Condition cause : null
2025-08-16 19:44:31,601 [INFO] LogOutputStream:77 - [STDOUT_REDIRECT] 1 : Invalid condition id : UX_CORESTACK_Condition cause : null
2025-08-16 19:44:31,606 [WARN] PackLoader:240 - Cannot read IP mode file for STMicroelectronics.X-CUBE-AZRTOS-WL.2.0.0
2025-08-16 19:44:31,615 [WARN] PackLoader:240 - Cannot read IP mode file for STMicroelectronics.FP-SNS-MOTENV1.5.0.0
2025-08-16 19:44:31,626 [WARN] PackLoader:240 - Cannot read IP mode file for WES.I-CUBE-Cesium.1.3.0
2025-08-16 19:44:31,635 [WARN] PackLoader:240 - Cannot read IP mode file for STMicroelectronics.X-CUBE-BLE2.3.3.0
2025-08-16 19:44:31,644 [WARN] PackLoader:240 - Cannot read IP mode file for STMicroelectronics.X-CUBE-NFC9.1.0.0
2025-08-16 19:44:31,654 [WARN] PackLoader:240 - Cannot read IP mode file for wolfSSL.I-CUBE-wolfSSL.5.8.0
2025-08-16 19:44:31,662 [WARN] PackLoader:240 - Cannot read IP mode file for STMicroelectronics.X-CUBE-BLE1.7.1.0
2025-08-16 19:44:31,666 [WARN] PackLoader:240 - Cannot read IP mode file for wolfSSL.I-CUBE-wolfMQTT.1.19.2
2025-08-16 19:44:31,675 [WARN] PackLoader:240 - Cannot read IP mode file for STMicroelectronics.X-CUBE-EEPRMA1.5.2.0
2025-08-16 19:44:31,683 [WARN] PackLoader:240 - Cannot read IP mode file for STMicroelectronics.X-CUBE-AI.10.1.0
2025-08-16 19:44:31,706 [WARN] PackLoader:240 - Cannot read IP mode file for STMicroelectronics.X-CUBE-AZRTOS-G0.1.1.0
2025-08-16 19:44:31,718 [WARN] PackLoader:240 - Cannot read IP mode file for STMicroelectronics.X-CUBE-SAFEA1.1.2.2
2025-08-16 19:44:31,726 [WARN] PackLoader:240 - Cannot read IP mode file for STMicroelectronics.X-CUBE-NFC4.3.0.0
2025-08-16 19:44:31,741 [WARN] PackLoader:240 - Cannot read IP mode file for EmbeddedOffice.I-CUBE-FS-RTOS.1.0.1
2025-08-16 19:44:31,749 [WARN] PackLoader:240 - Cannot read IP mode file for STMicroelectronics.X-CUBE-WB05N.2.0.0
2025-08-16 19:44:31,756 [WARN] PackLoader:240 - Cannot read IP mode file for wolfSSL.I-CUBE-wolfTPM.3.8.0
2025-08-16 19:44:31,764 [WARN] PackLoader:240 - Cannot read IP mode file for STMicroelectronics.X-CUBE-TCPP.4.2.0
2025-08-16 19:44:31,784 [WARN] PackLoader:240 - Cannot read IP mode file for RealThread.X-CUBE-RT-Thread_Nano.4.1.1
2025-08-16 19:44:31,793 [WARN] PackLoader:240 - Cannot read IP mode file for STMicroelectronics.FP-ATR-SIGFOX1.3.2.0
2025-08-16 19:44:31,802 [WARN] PackLoader:240 - Cannot read IP mode file for STMicroelectronics.X-CUBE-EEPRMA1.5.1.0
2025-08-16 19:44:31,814 [WARN] PackLoader:240 - Cannot read IP mode file for ITTIA_DB.I-CUBE-ITTIADB.8.9.0
2025-08-16 19:44:31,824 [WARN] PackLoader:240 - Cannot read IP mode file for STMicroelectronics.X-CUBE-ST67W61.1.0.0
2025-08-16 19:44:31,831 [WARN] PackLoader:240 - Cannot read IP mode file for STMicroelectronics.X-CUBE-AI.10.2.0
2025-08-16 19:44:31,888 [WARN] PackLoader:240 - Cannot read IP mode file for SEGGER.I-CUBE-embOS.1.3.1
2025-08-16 19:44:31,981 [WARN] PackLoader:240 - Cannot read IP mode file for STMicroelectronics.X-CUBE-ALGOBUILD.1.4.0
2025-08-16 19:44:32,038 [WARN] PackLoader:240 - Cannot read IP mode file for STMicroelectronics.X-CUBE-MEMS1.11.3.0
2025-08-16 19:44:32,225 [WARN] PackLoader:240 - Cannot read IP mode file for STMicroelectronics.X-CUBE-PM33A1.1.0.0
2025-08-16 19:44:32,245 [WARN] PackLoader:240 - Cannot read IP mode file for STMicroelectronics.X-CUBE-AZRTOS-F4.1.1.0
2025-08-16 19:44:32,254 [WARN] PackLoader:240 - Cannot read IP mode file for Avnet-IotConnect.X-CUBE-IoTC-DA16k-PMOD.1.0.0
2025-08-16 19:44:32,258 [WARN] PackLoader:240 - Cannot read IP mode file for STMicroelectronics.X-CUBE-ISPU.2.1.0
2025-08-16 19:44:32,268 [WARN] PackLoader:240 - Cannot read IP mode file for STMicroelectronics.X-CUBE-NFC12.1.0.0
2025-08-16 19:44:32,291 [WARN] PackLoader:240 - Cannot read IP mode file for STMicroelectronics.X-CUBE-AZRTOS-L5.2.0.0
2025-08-16 19:44:32,304 [WARN] PackLoader:240 - Cannot read IP mode file for STMicroelectronics.X-CUBE-NFC6.3.1.0
2025-08-16 19:44:32,314 [WARN] PackLoader:240 - Cannot read IP mode file for STMicroelectronics.X-CUBE-FREERTOS.1.3.1
2025-08-16 19:44:32,319 [WARN] PackLoader:240 - Cannot read IP mode file for STMicroelectronics.FP-SNS-STAIOTCFT.1.0.0
2025-08-16 19:44:32,327 [WARN] PackLoader:240 - Cannot read IP mode file for STMicroelectronics.X-CUBE-DPower.1.3.0
2025-08-16 19:44:32,357 [WARN] ConditionMgr:438 - getConditionDescription Invalid condition id : LAN8742 Phy interface Condition cause : null
2025-08-16 19:44:32,358 [WARN] PackLoader:240 - Cannot read IP mode file for STMicroelectronics.X-CUBE-AZRTOS-L4.2.0.0
2025-08-16 19:44:32,362 [WARN] ConditionMgr:1044 - genDependencies : Invalid condition id : LAN8742 Phy interface Condition cause : null
2025-08-16 19:44:32,362 [WARN] ConditionMgr:1044 - genDependencies : Invalid condition id : LAN8742 Phy interface Condition cause : null
2025-08-16 19:44:32,363 [WARN] ConditionMgr:1044 - genDependencies : Invalid condition id : LAN8742 Phy interface Condition cause : null
2025-08-16 19:44:32,376 [WARN] PackLoader:240 - Cannot read IP mode file for STMicroelectronics.X-CUBE-SFXS2LP1.4.0.0
2025-08-16 19:44:32,395 [WARN] PackLoader:240 - Cannot read IP mode file for STMicroelectronics.X-CUBE-BLEMGR.4.1.0
2025-08-16 19:44:32,427 [WARN] ConditionMgr:438 - getConditionDescription Invalid condition id : UX DEVICE CLASS RTOS Condition cause : null
2025-08-16 19:44:32,428 [WARN] ConditionMgr:438 - getConditionDescription Invalid condition id : UX DEVICE CLASS RTOS Condition cause : null
2025-08-16 19:44:32,434 [WARN] PackLoader:240 - Cannot read IP mode file for STMicroelectronics.X-CUBE-AZRTOS-WB.2.0.0
2025-08-16 19:44:32,435 [WARN] ConditionMgr:1044 - genDependencies : Invalid condition id : UX DEVICE CLASS RTOS Condition cause : null
2025-08-16 19:44:32,435 [WARN] ConditionMgr:1044 - genDependencies : Invalid condition id : UX DEVICE CLASS RTOS Condition cause : null
2025-08-16 19:44:32,436 [WARN] ConditionMgr:1044 - genDependencies : Invalid condition id : UX DEVICE CLASS RTOS Condition cause : null
2025-08-16 19:44:32,436 [WARN] ConditionMgr:1044 - genDependencies : Invalid condition id : UX DEVICE CLASS RTOS Condition cause : null
2025-08-16 19:44:32,437 [WARN] ConditionMgr:1044 - genDependencies : Invalid condition id : UX DEVICE CLASS RTOS Condition cause : null
2025-08-16 19:44:32,448 [WARN] PackLoader:240 - Cannot read IP mode file for STMicroelectronics.X-CUBE-GNSS1.7.0.1
2025-08-16 19:44:32,456 [WARN] PackLoader:240 - Cannot read IP mode file for STMicroelectronics.X-CUBE-TOUCHGFX.4.25.0
2025-08-16 19:44:32,464 [WARN] PackLoader:240 - Cannot read IP mode file for STMicroelectronics.FP-SNS-STBOX1.2.0.0
2025-08-16 19:44:32,488 [WARN] PackLoader:240 - Cannot read IP mode file for STMicroelectronics.X-CUBE-SUBG2.5.0.0
2025-08-16 19:44:32,565 [WARN] PackLoader:240 - Cannot read IP mode file for STMicroelectronics.X-CUBE-AZRTOS-H7RS.1.1.0
2025-08-16 19:44:32,577 [WARN] PackLoader:240 - Cannot read IP mode file for Cesanta.I-CUBE-Mongoose.7.13.0
2025-08-16 19:44:32,598 [WARN] PackLoader:240 - Cannot read IP mode file for STMicroelectronics.X-CUBE-AZRTOS-G4.2.0.0
2025-08-16 19:44:32,605 [WARN] PackLoader:240 - Cannot read IP mode file for wolfSSL.I-CUBE-wolfSSH.1.4.20
2025-08-16 19:44:32,612 [WARN] PackLoader:240 - Cannot read IP mode file for STMicroelectronics.X-CUBE-NFC7.2.0.0
2025-08-16 19:44:32,633 [WARN] PackLoader:240 - Cannot read IP mode file for STMicroelectronics.X-CUBE-IPS.3.1.0
2025-08-16 19:44:32,650 [WARN] PackLoader:240 - Cannot read IP mode file for STMicroelectronics.X-CUBE-ALS.1.0.2
2025-08-16 19:44:32,664 [WARN] PackLoader:240 - Cannot read IP mode file for portGmbH.I-Cube-SoM-uGOAL.1.1.0
2025-08-16 19:44:32,687 [WARN] PackLoader:240 - Cannot read IP mode file for STMicroelectronics.X-CUBE-TOF1.3.4.3
2025-08-16 19:44:32,711 [INFO] ThirdParty:978 - Integrity check success = true
2025-08-16 19:44:32,711 [INFO] IntegrityCheckThread:100 - exiting critical section [integrity check]
2025-08-16 19:44:32,711 [INFO] IntegrityCheckThread:103 - End integrity checks thread
2025-08-16 19:44:33,446 [INFO] WebApp:463 - Apply proxy settings
2025-08-16 19:44:33,447 [INFO] WebApp:548 - Chromium requires no authentication
2025-08-16 19:44:33,464 [INFO] WebApp:491 - Direct internet connection detected
2025-08-16 19:44:33,500 [INFO] WebApp:900 - Register for checkConnection events
2025-08-16 19:44:33,502 [INFO] WebApp:463 - Apply proxy settings
2025-08-16 19:44:33,502 [INFO] WebApp:548 - Chromium requires no authentication
2025-08-16 19:44:33,502 [INFO] WebApp:491 - Direct internet connection detected
2025-08-16 19:44:33,766 [INFO] WebApp:225 - Starting web application
2025-08-16 19:44:33,766 [INFO] WebApp:593 - Web application path used C:\ST\STM32CubeIDE_1.18.1\STM32CubeIDE\plugins\com.st.stm32cube.common.mx_6.15.0.202507011659\db\plugins\mcufinder\reactClient1\index.html
2025-08-16 19:44:34,046 [INFO] UserAuth:487 - Internet connection configuration mode: 1
2025-08-16 19:44:34,181 [INFO] WebApp:191 - Connection restablished
