2025-07-12 16:33:19,105 [ERROR] ConfigurationRetriever:142 - IOException on connection: Read timed out
2025-07-12 16:39:24,683 [ERROR] ConfigurationRetriever:142 - IOException on connection: Read timed out
2025-07-12 16:39:27,353 [ERROR] ConfigurationRetriever:142 - IOException on connection: Read timed out
2025-07-12 18:08:21,823 [ERROR] ConfigurationRetriever:142 - IOException on connection: Read timed out
2025-07-12 18:08:32,785 [ERROR] ConfigurationRetriever:142 - IOException on connection: Read timed out
2025-07-12 18:23:19,525 [INFO] MainUpdater:2872 - connection check result : 10
2025-07-12 18:23:19,528 [INFO] MainUpdater:2872 - connection check result : 10
2025-07-12 18:23:19,670 [INFO] MicroXplorer:468 - Change Database Path : 
2025-07-12 18:23:19,670 [INFO] MicroXplorer:498 - Change Database Version : DB.6.0.141
2025-07-12 18:23:19,753 [ERROR] ProjectManagerView:395 - 
java.lang.NullPointerException: Cannot invoke "javax.swing.JTextField.getText()" because the return value of "java.util.List.get(int)" is null
	at com.st.microxplorer.plugins.projectmanager.gui.ProjectChoiceTab$9.caretUpdate(ProjectChoiceTab.java:2678) ~[filemanager.jar:?]
	at javax.swing.text.JTextComponent.fireCaretUpdate(JTextComponent.java:408) ~[?:?]
	at javax.swing.text.JTextComponent$MutableCaretEvent.fire(JTextComponent.java:4484) ~[?:?]
	at javax.swing.text.JTextComponent$MutableCaretEvent.stateChanged(JTextComponent.java:4506) ~[?:?]
	at javax.swing.text.DefaultCaret.fireStateChanged(DefaultCaret.java:857) ~[?:?]
	at javax.swing.text.DefaultCaret.changeCaretPosition(DefaultCaret.java:1343) ~[?:?]
	at javax.swing.text.DefaultCaret.handleSetDot(DefaultCaret.java:1242) ~[?:?]
	at javax.swing.text.DefaultCaret.setDot(DefaultCaret.java:1223) ~[?:?]
	at javax.swing.text.DefaultCaret$Handler.insertUpdate(DefaultCaret.java:1819) ~[?:?]
	at javax.swing.text.AbstractDocument.fireInsertUpdate(AbstractDocument.java:227) ~[?:?]
	at javax.swing.text.AbstractDocument.handleInsertString(AbstractDocument.java:781) ~[?:?]
	at javax.swing.text.AbstractDocument.insertString(AbstractDocument.java:740) ~[?:?]
	at javax.swing.text.PlainDocument.insertString(PlainDocument.java:131) ~[?:?]
	at javax.swing.text.AbstractDocument.replace(AbstractDocument.java:699) ~[?:?]
	at javax.swing.text.JTextComponent.setText(JTextComponent.java:1725) ~[?:?]
	at com.st.microxplorer.plugins.projectmanager.gui.ProjectChoiceTab.createHeapStackFields(ProjectChoiceTab.java:979) ~[filemanager.jar:?]
	at com.st.microxplorer.plugins.projectmanager.gui.ProjectChoiceTab.buildLinkSettingsPanel(ProjectChoiceTab.java:3766) ~[filemanager.jar:?]
	at com.st.microxplorer.plugins.projectmanager.gui.ProjectChoiceTab.defineWindowsFields(ProjectChoiceTab.java:1962) ~[filemanager.jar:?]
	at com.st.microxplorer.plugins.projectmanager.gui.ProjectChoiceTab.updateSettings(ProjectChoiceTab.java:555) ~[filemanager.jar:?]
	at com.st.microxplorer.plugins.projectmanager.gui.ProjectSettingsPanel.UpdateDialog(ProjectSettingsPanel.java:245) ~[filemanager.jar:?]
	at com.st.microxplorer.plugins.projectmanager.ProjectManagerView.propertyChange(ProjectManagerView.java:392) ~[filemanager.jar:?]
	at java.beans.PropertyChangeSupport.fire(PropertyChangeSupport.java:343) ~[?:?]
	at java.beans.PropertyChangeSupport.firePropertyChange(PropertyChangeSupport.java:335) ~[?:?]
	at java.beans.PropertyChangeSupport.firePropertyChange(PropertyChangeSupport.java:268) ~[?:?]
	at com.st.microxplorer.util.MXPropertyChangeSupport.firePropertyChange(MXPropertyChangeSupport.java:54) ~[STM32CubeMX.jar:?]
	at com.st.microxplorer.mxsystem.MxSystem.closeConfig(MxSystem.java:899) ~[STM32CubeMX.jar:?]
	at com.st.microxplorer.maingui.MainPanel.closeConfig(MainPanel.java:789) ~[STM32CubeMX.jar:?]
	at com.st.microxplorer.plugins.filemanager.engine.OpenFileManager.loadConfigurationFile(OpenFileManager.java:287) ~[filemanager.jar:?]
	at com.st.microxplorer.plugins.filemanager.engine.MainFileManager.userLoadConfig(MainFileManager.java:341) ~[filemanager.jar:?]
	at com.st.microxplorer.plugins.filemanager.engine.MainFileManager.userLoadConfig(MainFileManager.java:319) ~[filemanager.jar:?]
	at com.st.microxplorer.plugins.filemanager.FileManagerView.getSpecificTask(FileManagerView.java:246) ~[filemanager.jar:?]
	at com.st.stm32cube.common.mx.editor.CubeMxEditor.getMxTabbedPaneInstance(CubeMxEditor.java:1198) ~[com.st.stm32cube.common.mx_6.14.1.202504091515/:?]
	at com.st.stm32cube.common.mx.editor.CubeMxEditor$12$1.createSwingComponent(CubeMxEditor.java:1068) ~[com.st.stm32cube.common.mx_6.14.1.202504091515/:?]
	at com.st.stm32cube.common.mx.oss.core.awtswtbridge.EmbeddedSwingComposite.doComponentCreation(EmbeddedSwingComposite.java:492) ~[com.st.stm32cube.common.mx.oss_6.14.1.202504091515/:?]
	at com.st.stm32cube.common.mx.oss.core.awtswtbridge.EmbeddedSwingComposite$4.run(EmbeddedSwingComposite.java:291) ~[com.st.stm32cube.common.mx.oss_6.14.1.202504091515/:?]
	at com.st.stm32cube.common.mx.oss.core.awtswtbridge.AwtEnvironment$2.run(AwtEnvironment.java:166) ~[com.st.stm32cube.common.mx.oss_6.14.1.202504091515/:?]
	at java.awt.event.InvocationEvent.dispatch(InvocationEvent.java:318) ~[?:?]
	at java.awt.EventQueue.dispatchEventImpl(EventQueue.java:773) ~[?:?]
	at java.awt.EventQueue$4.run(EventQueue.java:720) ~[?:?]
	at java.awt.EventQueue$4.run(EventQueue.java:714) ~[?:?]
	at java.security.AccessController.doPrivileged(AccessController.java:400) ~[?:?]
	at java.security.ProtectionDomain$JavaSecurityAccessImpl.doIntersectionPrivilege(ProtectionDomain.java:87) ~[?:?]
	at java.awt.EventQueue.dispatchEvent(EventQueue.java:742) ~[?:?]
	at java.awt.EventDispatchThread.pumpOneEventForFilters(EventDispatchThread.java:203) ~[?:?]
	at java.awt.EventDispatchThread.pumpEventsForFilter(EventDispatchThread.java:124) ~[?:?]
	at java.awt.EventDispatchThread.pumpEventsForHierarchy(EventDispatchThread.java:113) ~[?:?]
	at java.awt.EventDispatchThread.pumpEvents(EventDispatchThread.java:109) ~[?:?]
	at java.awt.EventDispatchThread.pumpEvents(EventDispatchThread.java:101) ~[?:?]
	at java.awt.EventDispatchThread.run(EventDispatchThread.java:90) ~[?:?]
2025-07-12 18:23:19,755 [WARN] ThirdParty:871 - waiting for thirdparty lock release [close project]
2025-07-12 18:23:19,755 [INFO] ThirdParty:873 - entering critical section [close project]
2025-07-12 18:23:19,755 [INFO] ThirdParty:883 - exiting critical section [close project]
2025-07-12 18:23:19,760 [INFO] PinOutPanel:1589 - setPackage(No Configuration,No Configuration)
2025-07-12 18:23:19,781 [WARN] IpParametersView:155 - Warning: This peripheral hasn't parameters
2025-07-12 18:23:19,796 [WARN] MainPanel:289 - <html><b><center>Warning: This peripheral has no parameters to be configured<br></b></html>
2025-07-12 18:23:19,803 [INFO] UtilMem:75 - Begin LoadConfig() Used Memory: 1002308472 Bytes (1073741824)
2025-07-12 18:23:19,804 [INFO] MicroXplorer:468 - Change Database Path : 
2025-07-12 18:23:19,804 [INFO] MicroXplorer:498 - Change Database Version : DB.6.0.141
2025-07-12 18:23:19,804 [INFO] OpenFileManager:354 - Change cursor
2025-07-12 18:23:19,858 [INFO] Mcu:2011 - Initializing MCU STM32F407V(E-G)Tx STM32F407VETx STM32F407VET6
2025-07-12 18:23:21,621 [INFO] Context:756 - Trying to add GPIOservice into a context  which must be forbidden
2025-07-12 18:23:22,565 [INFO] ImportTextPane:218 - (OptionalMessage_ERROR) Pin17 (VP_RIF_VS_RIF1) cannot be retrieved for this MCU
2025-07-12 18:23:22,613 [INFO] RtosManager:558 - Registered RTOS mode: class=CMSIS, group=RTOS, mode=CMSIS_V1, owner=FREERTOS
2025-07-12 18:23:22,613 [INFO] RtosManager:558 - Registered RTOS mode: class=CMSIS, group=RTOS2, mode=CMSIS_V2, owner=FREERTOS
2025-07-12 18:23:22,613 [INFO] RtosManager:558 - Registered RTOS mode: class=RTOS, group=Core, mode=CMSIS_V1, owner=FREERTOS
2025-07-12 18:23:22,613 [INFO] RtosManager:558 - Registered RTOS mode: class=RTOS, group=Core, mode=CMSIS_V2, owner=FREERTOS
2025-07-12 18:23:22,613 [WARN] ModelIntegratedComponent:184 - Missing modes for component STMicroelectronics:FreeRTOS:0.0.1:STMicroelectronics:RTOS:FreeRTOS:Core:::10.2.0:
2025-07-12 18:23:22,646 [WARN] ModelIntegratedComponent:63 - No mode defined for component null
2025-07-12 18:23:22,646 [WARN] ModelIntegratedComponent:63 - No mode defined for component null
2025-07-12 18:23:22,647 [WARN] ModelIntegratedComponent:63 - No mode defined for component null
2025-07-12 18:23:22,647 [WARN] ModelIntegratedComponent:63 - No mode defined for component null
2025-07-12 18:23:22,647 [WARN] ModelIntegratedComponent:63 - No mode defined for component null
2025-07-12 18:23:22,647 [WARN] ModelIntegratedComponent:63 - No mode defined for component null
2025-07-12 18:23:22,647 [WARN] ModelIntegratedComponent:63 - No mode defined for component null
2025-07-12 18:23:22,647 [WARN] ModelIntegratedComponent:63 - No mode defined for component null
2025-07-12 18:23:22,647 [WARN] ModelIntegratedComponent:63 - No mode defined for component null
2025-07-12 18:23:22,647 [WARN] ModelIntegratedComponent:63 - No mode defined for component null
2025-07-12 18:23:22,647 [WARN] ModelIntegratedComponent:63 - No mode defined for component null
2025-07-12 18:23:22,647 [WARN] ModelIntegratedComponent:63 - No mode defined for component null
2025-07-12 18:23:22,647 [WARN] ModelIntegratedComponent:63 - No mode defined for component null
2025-07-12 18:23:22,647 [WARN] ModelIntegratedComponent:63 - No mode defined for component null
2025-07-12 18:23:22,647 [WARN] ModelIntegratedComponent:63 - No mode defined for component null
2025-07-12 18:23:22,647 [WARN] ModelIntegratedComponent:63 - No mode defined for component null
2025-07-12 18:23:22,648 [WARN] ModelIntegratedComponent:63 - No mode defined for component null
2025-07-12 18:23:22,648 [WARN] ModelIntegratedComponent:63 - No mode defined for component null
2025-07-12 18:23:22,648 [WARN] ModelIntegratedComponent:63 - No mode defined for component null
2025-07-12 18:23:22,648 [WARN] ModelIntegratedComponent:63 - No mode defined for component null
2025-07-12 18:23:22,648 [WARN] ModelIntegratedComponent:63 - No mode defined for component null
2025-07-12 18:23:22,648 [WARN] ModelIntegratedComponent:63 - No mode defined for component null
2025-07-12 18:23:22,648 [WARN] ModelIntegratedComponent:63 - No mode defined for component null
2025-07-12 18:23:22,649 [WARN] ModelIntegratedComponent:63 - No mode defined for component null
2025-07-12 18:23:22,649 [WARN] ModelIntegratedComponent:63 - No mode defined for component null
2025-07-12 18:23:22,649 [WARN] ModelIntegratedComponent:63 - No mode defined for component null
2025-07-12 18:23:22,649 [WARN] ModelIntegratedComponent:63 - No mode defined for component null
2025-07-12 18:23:22,649 [WARN] ModelIntegratedComponent:63 - No mode defined for component null
2025-07-12 18:23:22,649 [WARN] ModelIntegratedComponent:63 - No mode defined for component null
2025-07-12 18:23:22,649 [WARN] ModelIntegratedComponent:63 - No mode defined for component null
2025-07-12 18:23:22,649 [WARN] ModelIntegratedComponent:63 - No mode defined for component null
2025-07-12 18:23:22,649 [WARN] ModelIntegratedComponent:63 - No mode defined for component null
2025-07-12 18:23:22,649 [WARN] ModelIntegratedComponent:63 - No mode defined for component null
2025-07-12 18:23:22,649 [WARN] ModelIntegratedComponent:63 - No mode defined for component null
2025-07-12 18:23:22,649 [WARN] ModelIntegratedComponent:63 - No mode defined for component null
2025-07-12 18:23:22,649 [WARN] ModelPack:524 - Component already loaded: STMicroelectronics:HAL Drivers:0.0.0:STMicroelectronics:Device:STMicro_Driver:XSPI:HAL::0.0.1:HAL_XSPI
2025-07-12 18:23:22,808 [INFO] ThirdPartyModel:298 - Start build external matchings
2025-07-12 18:23:23,506 [INFO] ThirdPartyModel:316 - End build external matchings
2025-07-12 18:23:23,519 [INFO] ImportTextPane:218 - (OptionalMessage_ERROR) IP (RCC) : Parameter (48MHZClocksFreq_Value) has invalid value (84000000)
2025-07-12 18:23:23,519 [INFO] ImportTextPane:218 - (OptionalMessage_ERROR) IP (RCC) : Parameter (RTCHSEDivFreq_Value) has invalid value (12500000)
2025-07-12 18:23:23,842 [INFO] UtilMem:75 - End LoadConfig() Used Memory: 736332824 Bytes (1073741824)
2025-07-12 18:23:23,883 [WARN] ThirdParty:833 - waiting for thirdparty lock release [change project]
2025-07-12 18:23:23,884 [INFO] ThirdParty:835 - entering critical section [change project]
2025-07-12 18:23:23,886 [INFO] ThirdParty:1030 - CMSIS Pack Vendor :STMicroelectronics X-CUBE-PM33A1 1.0.0
2025-07-12 18:23:23,887 [INFO] ThirdParty:1030 - CMSIS Pack Vendor :STMicroelectronics USBPD 4.1
2025-07-12 18:23:23,887 [INFO] ThirdParty:1030 - CMSIS Pack Vendor :STMicroelectronics X-CUBE-NFC9 1.0.0
2025-07-12 18:23:23,887 [INFO] ThirdParty:1030 - CMSIS Pack Vendor :wolfSSL I-CUBE-wolfSSL 5.8.0
2025-07-12 18:23:23,888 [INFO] ThirdParty:1030 - CMSIS Pack Vendor :STMicroelectronics USB_HOST 2.0.0
2025-07-12 18:23:23,888 [INFO] ThirdParty:1030 - CMSIS Pack Vendor :STMicroelectronics FP-SNS-MOTENVWB1 1.4.0
2025-07-12 18:23:23,888 [INFO] ThirdParty:1030 - CMSIS Pack Vendor :STMicroelectronics X-CUBE-AZRTOS-F4 1.1.0
2025-07-12 18:23:23,888 [INFO] ThirdParty:1030 - CMSIS Pack Vendor :STMicroelectronics LIBJPEG 8.0.0
2025-07-12 18:23:23,889 [INFO] ThirdParty:1030 - CMSIS Pack Vendor :STMicroelectronics FP-ATR-ASTRA1 2.0.2
2025-07-12 18:23:23,889 [INFO] ThirdParty:1030 - CMSIS Pack Vendor :STMicroelectronics X-CUBE-BLE1 7.1.0
2025-07-12 18:23:23,893 [INFO] ThirdParty:1030 - CMSIS Pack Vendor :STMicroelectronics X-CUBE-SMBUS 2.1.0
2025-07-12 18:23:23,893 [INFO] ThirdParty:1030 - CMSIS Pack Vendor :wolfSSL I-CUBE-wolfMQTT 1.19.2
2025-07-12 18:23:23,894 [INFO] ThirdParty:1030 - CMSIS Pack Vendor :STMicroelectronics USB_DEVICE 3.0.0
2025-07-12 18:23:23,894 [INFO] ThirdParty:1030 - CMSIS Pack Vendor :STMicroelectronics X-CUBE-ISPU 2.1.0
2025-07-12 18:23:23,895 [INFO] ThirdParty:1030 - CMSIS Pack Vendor :STMicroelectronics X-CUBE-AZRTOS-WB 2.0.0
2025-07-12 18:23:23,895 [INFO] ThirdParty:1030 - CMSIS Pack Vendor :STMicroelectronics X-CUBE-ST60 1.0.0
2025-07-12 18:23:23,895 [INFO] ThirdParty:1030 - CMSIS Pack Vendor :STMicroelectronics X-CUBE-GNSS1 7.0.1
2025-07-12 18:23:23,895 [INFO] ThirdParty:1030 - CMSIS Pack Vendor :STMicroelectronics X-CUBE-AZRTOS-F7 1.1.0
2025-07-12 18:23:23,896 [INFO] ThirdParty:1030 - CMSIS Pack Vendor :STMicroelectronics X-CUBE-AZRTOS-L5 2.0.0
2025-07-12 18:23:23,896 [INFO] ThirdParty:1030 - CMSIS Pack Vendor :STMicroelectronics X-CUBE-TOUCHGFX 4.25.0
2025-07-12 18:23:23,897 [INFO] ThirdParty:1030 - CMSIS Pack Vendor :STMicroelectronics USB_DEVICE 2.0.0
2025-07-12 18:23:23,897 [INFO] ThirdParty:1030 - CMSIS Pack Vendor :STMicroelectronics X-CUBE-NFC6 3.1.0
2025-07-12 18:23:23,897 [INFO] ThirdParty:1030 - CMSIS Pack Vendor :STMicroelectronics X-CUBE-AI 10.1.0
2025-07-12 18:23:23,897 [INFO] ThirdParty:1030 - CMSIS Pack Vendor :STMicroelectronics FP-SNS-STBOX1 2.0.0
2025-07-12 18:23:23,897 [INFO] ThirdParty:1030 - CMSIS Pack Vendor :STMicroelectronics FreeRTOS 0.0.1
2025-07-12 18:23:23,898 [INFO] ThirdParty:1030 - CMSIS Pack Vendor :STMicroelectronics X-CUBE-AZRTOS-G0 1.1.0
2025-07-12 18:23:23,898 [INFO] ThirdParty:1030 - CMSIS Pack Vendor :STMicroelectronics X-CUBE-SAFEA1 1.2.2
2025-07-12 18:23:23,898 [INFO] ThirdParty:1030 - CMSIS Pack Vendor :STMicroelectronics X-CUBE-NFC4 3.0.0
2025-07-12 18:23:23,898 [INFO] ThirdParty:1030 - CMSIS Pack Vendor :STMicroelectronics X-CUBE-SUBG2 5.0.0
2025-07-12 18:23:23,898 [INFO] ThirdParty:1030 - CMSIS Pack Vendor :STMicroelectronics X-CUBE-AZRTOS-H7RS 1.1.0
2025-07-12 18:23:23,899 [INFO] ThirdParty:1030 - CMSIS Pack Vendor :STMicroelectronics STM32_WPAN 1.0.0
2025-07-12 18:23:23,899 [INFO] ThirdParty:1030 - CMSIS Pack Vendor :EmbeddedOffice I-CUBE-FS-RTOS 1.0.1
2025-07-12 18:23:23,899 [INFO] ThirdParty:1030 - CMSIS Pack Vendor :STMicroelectronics lwIP 2.0.3
2025-07-12 18:23:23,899 [INFO] ThirdParty:1030 - CMSIS Pack Vendor :Cesanta I-CUBE-Mongoose 7.13.0
2025-07-12 18:23:23,899 [INFO] ThirdParty:1030 - CMSIS Pack Vendor :STMicroelectronics USB_HOST 1.0.0
2025-07-12 18:23:23,899 [INFO] ThirdParty:1030 - CMSIS Pack Vendor :Infineon AIROC-Wi-Fi-Bluetooth-STM32 1.7.1
2025-07-12 18:23:23,899 [INFO] ThirdParty:1030 - CMSIS Pack Vendor :STMicroelectronics X-CUBE-AZRTOS-G4 2.0.0
2025-07-12 18:23:23,899 [INFO] ThirdParty:1030 - CMSIS Pack Vendor :STMicroelectronics X-CUBE-WB05N 2.0.0
2025-07-12 18:23:23,900 [INFO] ThirdParty:1030 - CMSIS Pack Vendor :STMicroelectronics PDM2PCM 3.1.0
2025-07-12 18:23:23,900 [INFO] ThirdParty:1030 - CMSIS Pack Vendor :STMicroelectronics PDM2PCM 3.3.0
2025-07-12 18:23:23,900 [INFO] ThirdParty:1030 - CMSIS Pack Vendor :wolfSSL I-CUBE-wolfTPM 3.8.0
2025-07-12 18:23:23,900 [INFO] ThirdParty:1030 - CMSIS Pack Vendor :STMicroelectronics X-CUBE-AZRTOS-H7 3.4.0
2025-07-12 18:23:23,900 [INFO] ThirdParty:1030 - CMSIS Pack Vendor :STMicroelectronics X-CUBE-DISPLAY 3.0.0
2025-07-12 18:23:23,900 [INFO] ThirdParty:1030 - CMSIS Pack Vendor :wolfSSL I-CUBE-wolfSSH 1.4.20
2025-07-12 18:23:23,900 [INFO] ThirdParty:1030 - CMSIS Pack Vendor :STMicroelectronics X-CUBE-NFC7 2.0.0
2025-07-12 18:23:23,900 [INFO] ThirdParty:1030 - CMSIS Pack Vendor :STMicroelectronics X-CUBE-TCPP 4.2.0
2025-07-12 18:23:23,900 [INFO] ThirdParty:1030 - CMSIS Pack Vendor :RealThread X-CUBE-RT-Thread_Nano 4.1.1
2025-07-12 18:23:23,900 [INFO] ThirdParty:1030 - CMSIS Pack Vendor :STMicroelectronics FP-ATR-SIGFOX1 3.2.0
2025-07-12 18:23:23,901 [INFO] ThirdParty:1030 - CMSIS Pack Vendor :STMicroelectronics X-CUBE-NFC10 1.0.0
2025-07-12 18:23:23,901 [INFO] ThirdParty:1030 - CMSIS Pack Vendor :STMicroelectronics X-CUBE-BLEMGR 4.0.0
2025-07-12 18:23:23,901 [INFO] ThirdParty:1030 - CMSIS Pack Vendor :STMicroelectronics X-CUBE-EEPRMA1 5.1.0
2025-07-12 18:23:23,901 [INFO] ThirdParty:1030 - CMSIS Pack Vendor :STMicroelectronics X-CUBE-FREERTOS 1.3.1
2025-07-12 18:23:23,901 [INFO] ThirdParty:1030 - CMSIS Pack Vendor :STMicroelectronics HAL Drivers 0.0.0
2025-07-12 18:23:23,901 [INFO] ThirdParty:1030 - CMSIS Pack Vendor :STMicroelectronics MBEDTLS 2.16.2
2025-07-12 18:23:23,901 [INFO] ThirdParty:1030 - CMSIS Pack Vendor :STMicroelectronics X-CUBE-IPS 3.1.0
2025-07-12 18:23:23,901 [INFO] ThirdParty:1030 - CMSIS Pack Vendor :STMicroelectronics X-CUBE-ALS 1.0.2
2025-07-12 18:23:23,901 [INFO] ThirdParty:1030 - CMSIS Pack Vendor :emotas I-CUBE-CANOPEN 1.3.0
2025-07-12 18:23:23,901 [INFO] ThirdParty:1030 - CMSIS Pack Vendor :STMicroelectronics MBEDTLS 2.14.1
2025-07-12 18:23:23,901 [INFO] ThirdParty:1030 - CMSIS Pack Vendor :ITTIA_DB I-CUBE-ITTIADB 8.9.0
2025-07-12 18:23:23,901 [INFO] ThirdParty:1030 - CMSIS Pack Vendor :portGmbH I-Cube-SoM-uGOAL 1.1.0
2025-07-12 18:23:23,901 [INFO] ThirdParty:1030 - CMSIS Pack Vendor :STMicroelectronics X-CUBE-ST67W61 1.0.0
2025-07-12 18:23:23,902 [INFO] ThirdParty:1030 - CMSIS Pack Vendor :STMicroelectronics FP-SNS-STAIOTCFT 1.0.0
2025-07-12 18:23:23,902 [INFO] ThirdParty:1030 - CMSIS Pack Vendor :STMicroelectronics ThreadX 1.0.0
2025-07-12 18:23:23,902 [INFO] ThirdParty:1030 - CMSIS Pack Vendor :STMicroelectronics FP-SNS-SMARTAG2 1.2.0
2025-07-12 18:23:23,902 [INFO] ThirdParty:1030 - CMSIS Pack Vendor :STMicroelectronics FP-SNS-FLIGHT1 5.1.0
2025-07-12 18:23:23,902 [INFO] ThirdParty:1030 - CMSIS Pack Vendor :STMicroelectronics X-CUBE-AZRTOS-WL 2.0.0
2025-07-12 18:23:23,902 [INFO] ThirdParty:1030 - CMSIS Pack Vendor :SEGGER I-CUBE-embOS 1.3.1
2025-07-12 18:23:23,902 [INFO] ThirdParty:1030 - CMSIS Pack Vendor :STMicroelectronics X-CUBE-ALGOBUILD 1.4.0
2025-07-12 18:23:23,902 [INFO] ThirdParty:1030 - CMSIS Pack Vendor :STMicroelectronics X-CUBE-DPower 1.3.0
2025-07-12 18:23:23,902 [INFO] ThirdParty:1030 - CMSIS Pack Vendor :STMicroelectronics X-CUBE-MEMS1 11.3.0
2025-07-12 18:23:23,902 [INFO] ThirdParty:1030 - CMSIS Pack Vendor :STMicroelectronics FP-SNS-MOTENV1 5.0.0
2025-07-12 18:23:23,902 [INFO] ThirdParty:1030 - CMSIS Pack Vendor :STMicroelectronics USB_DEVICE 1.0.0
2025-07-12 18:23:23,902 [INFO] ThirdParty:1030 - CMSIS Pack Vendor :STMicroelectronics X-CUBE-AZRTOS-L4 2.0.0
2025-07-12 18:23:23,902 [INFO] ThirdParty:1030 - CMSIS Pack Vendor :STMicroelectronics ThreadX 0.0.2
2025-07-12 18:23:23,903 [INFO] ThirdParty:1030 - CMSIS Pack Vendor :WES I-CUBE-Cesium 1.3.0
2025-07-12 18:23:23,903 [INFO] ThirdParty:1030 - CMSIS Pack Vendor :STMicroelectronics lwIP 2.1.2
2025-07-12 18:23:23,903 [INFO] ThirdParty:1030 - CMSIS Pack Vendor :STMicroelectronics X-CUBE-SFXS2LP1 4.0.0
2025-07-12 18:23:23,903 [INFO] ThirdParty:1030 - CMSIS Pack Vendor :STMicroelectronics X-CUBE-BLE2 3.3.0
2025-07-12 18:23:23,903 [INFO] ThirdParty:1030 - CMSIS Pack Vendor :STMicroelectronics X-CUBE-TOF1 3.4.3
2025-07-12 18:23:23,903 [INFO] ThirdParty:1030 - CMSIS Pack Vendor :STMicroelectronics PDM2PCM 3.2.0
2025-07-12 18:23:23,903 [INFO] ThirdParty:841 - exiting critical section [change project]
2025-07-12 18:23:24,430 [INFO] PinOutPanel:1589 - setPackage(No Configuration,No Configuration)
2025-07-12 18:23:24,434 [INFO] PinOutPanel:1589 - setPackage(STM32F407VETx,LQFP100)
2025-07-12 18:23:25,020 [INFO] UtilMem:75 - Before build in PCC Used Memory: 750128168 Bytes (1073741824)
2025-07-12 18:23:25,311 [INFO] UtilMem:75 - After build in PCC Used Memory: 797836328 Bytes (1073741824)
2025-07-12 18:23:25,350 [INFO] IPUIPlugin:80 - create IPUIPlugin
2025-07-12 18:23:25,350 [INFO] IPUIPlugin:80 - create IPUIPlugin
2025-07-12 18:23:25,350 [INFO] IPUIPlugin:80 - create IPUIPlugin
2025-07-12 18:23:25,350 [INFO] IPUIPlugin:80 - create IPUIPlugin
2025-07-12 18:23:25,350 [INFO] IPUIPlugin:80 - create IPUIPlugin
2025-07-12 18:23:25,350 [INFO] IPUIPlugin:80 - create IPUIPlugin
2025-07-12 18:23:25,350 [INFO] IPUIPlugin:80 - create IPUIPlugin
2025-07-12 18:23:25,351 [INFO] IPUIPlugin:80 - create IPUIPlugin
2025-07-12 18:23:25,351 [INFO] IPUIPlugin:80 - create IPUIPlugin
2025-07-12 18:23:25,351 [INFO] IPUIPlugin:80 - create IPUIPlugin
2025-07-12 18:23:25,351 [INFO] IPUIPlugin:80 - create IPUIPlugin
2025-07-12 18:23:25,351 [INFO] IPUIPlugin:80 - create IPUIPlugin
2025-07-12 18:23:25,351 [INFO] IPUIPlugin:80 - create IPUIPlugin
2025-07-12 18:23:25,351 [INFO] IPUIPlugin:80 - create IPUIPlugin
2025-07-12 18:23:25,351 [INFO] IPUIPlugin:80 - create IPUIPlugin
2025-07-12 18:23:25,351 [INFO] IPUIPlugin:80 - create IPUIPlugin
2025-07-12 18:23:25,352 [INFO] IPUIPlugin:80 - create IPUIPlugin
2025-07-12 18:23:25,352 [INFO] IPUIPlugin:80 - create IPUIPlugin
2025-07-12 18:23:25,352 [INFO] IPUIPlugin:80 - create IPUIPlugin
2025-07-12 18:23:25,352 [INFO] IPUIPlugin:80 - create IPUIPlugin
2025-07-12 18:23:25,352 [INFO] IPUIPlugin:80 - create IPUIPlugin
2025-07-12 18:23:25,352 [INFO] IPUIPlugin:80 - create IPUIPlugin
2025-07-12 18:23:25,353 [INFO] IPUIPlugin:80 - create IPUIPlugin
2025-07-12 18:23:25,353 [INFO] IPUIPlugin:80 - create IPUIPlugin
2025-07-12 18:23:25,353 [INFO] IPUIPlugin:80 - create IPUIPlugin
2025-07-12 18:23:25,353 [INFO] IPUIPlugin:80 - create IPUIPlugin
2025-07-12 18:23:25,353 [INFO] IPUIPlugin:80 - create IPUIPlugin
2025-07-12 18:23:25,354 [INFO] IPUIPlugin:80 - create IPUIPlugin
2025-07-12 18:23:25,354 [INFO] IPUIPlugin:80 - create IPUIPlugin
2025-07-12 18:23:25,354 [INFO] IPUIPlugin:80 - create IPUIPlugin
2025-07-12 18:23:25,354 [INFO] IPUIPlugin:80 - create IPUIPlugin
2025-07-12 18:23:25,355 [INFO] IPUIPlugin:80 - create IPUIPlugin
2025-07-12 18:23:25,355 [INFO] IPUIPlugin:80 - create IPUIPlugin
2025-07-12 18:23:25,355 [INFO] IPUIPlugin:80 - create IPUIPlugin
2025-07-12 18:23:25,355 [INFO] IPUIPlugin:80 - create IPUIPlugin
2025-07-12 18:23:25,355 [INFO] IPUIPlugin:80 - create IPUIPlugin
2025-07-12 18:23:25,356 [INFO] IPUIPlugin:80 - create IPUIPlugin
2025-07-12 18:23:25,356 [INFO] IPUIPlugin:80 - create IPUIPlugin
2025-07-12 18:23:25,356 [INFO] IPUIPlugin:80 - create IPUIPlugin
2025-07-12 18:23:25,356 [INFO] IPUIPlugin:80 - create IPUIPlugin
2025-07-12 18:23:25,357 [INFO] IPUIPlugin:80 - create IPUIPlugin
2025-07-12 18:23:25,357 [INFO] IPUIPlugin:80 - create IPUIPlugin
2025-07-12 18:23:25,357 [INFO] IPUIPlugin:80 - create IPUIPlugin
2025-07-12 18:23:25,357 [INFO] IPUIPlugin:80 - create IPUIPlugin
2025-07-12 18:23:25,357 [INFO] IPUIPlugin:80 - create IPUIPlugin
2025-07-12 18:23:25,358 [INFO] IPUIPlugin:80 - create IPUIPlugin
2025-07-12 18:23:25,358 [INFO] IPUIPlugin:80 - create IPUIPlugin
2025-07-12 18:23:25,358 [INFO] IPUIPlugin:80 - create IPUIPlugin
2025-07-12 18:23:25,359 [INFO] IPUIPlugin:80 - create IPUIPlugin
2025-07-12 18:23:25,359 [INFO] IPUIPlugin:80 - create IPUIPlugin
2025-07-12 18:23:25,359 [INFO] IPUIPlugin:80 - create IPUIPlugin
2025-07-12 18:23:25,359 [INFO] IPUIPlugin:80 - create IPUIPlugin
2025-07-12 18:23:25,360 [INFO] IPUIPlugin:80 - create IPUIPlugin
2025-07-12 18:23:25,360 [INFO] IPUIPlugin:80 - create IPUIPlugin
2025-07-12 18:23:25,360 [INFO] IPUIPlugin:80 - create IPUIPlugin
2025-07-12 18:23:25,361 [INFO] IPUIPlugin:80 - create IPUIPlugin
2025-07-12 18:23:25,361 [INFO] IPUIPlugin:80 - create IPUIPlugin
2025-07-12 18:23:25,362 [INFO] IPUIPlugin:80 - create IPUIPlugin
2025-07-12 18:23:25,366 [INFO] ApiDbMcu:508 - Load IP Config File for PDM2PCM
2025-07-12 18:23:25,368 [INFO] Can:71 - Can Add PropertyChangeListener com.st.microxplorer.plugins.ip.can.Can@5f7bd8aa
2025-07-12 18:23:25,442 [INFO] CADModel:165 - CPN selected for project levelSTM32F407VET6
2025-07-12 18:23:25,442 [INFO] CADModel:114 - Register for checkConnection events
2025-07-12 18:23:25,495 [INFO] OpenFileManager:385 - Restore cursor
2025-07-12 18:23:32,276 [INFO] UtilMem:75 - End SaveConfig() Used Memory: 972114216 Bytes (1073741824)
2025-07-12 18:23:32,719 [INFO] BlockDiagram:2775 - set Specific Code input for plugin: CAN
2025-07-12 18:23:32,719 [INFO] BlockDiagram:2775 - set Specific Code input for plugin: SYS
2025-07-12 18:23:32,719 [INFO] BlockDiagram:2775 - set Specific Code input for plugin: RCC
2025-07-12 18:23:32,719 [INFO] BlockDiagram:2775 - set Specific Code input for plugin: NVIC
2025-07-12 18:23:32,719 [INFO] BlockDiagram:2775 - set Specific Code input for plugin: USART
2025-07-12 18:23:32,719 [INFO] BlockDiagram:2775 - set Specific Code input for plugin: GPIO
2025-07-12 18:23:32,720 [INFO] CodeGenerator:882 - code generatio: config db path: C:\ST\STM32CubeIDE_1.18.1\STM32CubeIDE\plugins\com.st.stm32cube.common.mx_6.14.1.202504091515\\db\
2025-07-12 18:23:32,870 [INFO] CodeEngine:263 - oldGeneratedFile, C:\Users\yogo\STM32CubeIDE\workspace_1.18.1\stepper\MXTmpFiles\license.tmp_save
2025-07-12 18:23:33,375 [INFO] CodeEngine:287 - Generated code: C:\Users\yogo\STM32CubeIDE\workspace_1.18.1\stepper\MXTmpFiles\license.tmp
2025-07-12 18:23:33,428 [INFO] CodeEngine:263 - oldGeneratedFile, C:\Users\yogo\STM32CubeIDE\workspace_1.18.1\stepper\MXTmpFiles\gpio.tmp_save
2025-07-12 18:23:33,642 [INFO] CodeEngine:287 - Generated code: C:\Users\yogo\STM32CubeIDE\workspace_1.18.1\stepper\MXTmpFiles\gpio.tmp
2025-07-12 18:23:33,742 [INFO] CodeEngine:263 - oldGeneratedFile, C:\Users\yogo\STM32CubeIDE\workspace_1.18.1\stepper\Core\Src\stm32f4xx_it.c_save
2025-07-12 18:23:34,065 [INFO] CodeEngine:287 - Generated code: C:\Users\yogo\STM32CubeIDE\workspace_1.18.1\stepper\Core\Src\stm32f4xx_it.c
2025-07-12 18:23:34,070 [INFO] CodeEngine:263 - oldGeneratedFile, C:\Users\yogo\STM32CubeIDE\workspace_1.18.1\stepper\Core\Inc\stm32f4xx_it.h_save
2025-07-12 18:23:34,141 [INFO] CodeEngine:287 - Generated code: C:\Users\yogo\STM32CubeIDE\workspace_1.18.1\stepper\Core\Inc\stm32f4xx_it.h
2025-07-12 18:23:34,154 [INFO] CodeEngine:263 - oldGeneratedFile, C:\Users\yogo\STM32CubeIDE\workspace_1.18.1\stepper\Core\Src\stm32f4xx_hal_msp.c_save
2025-07-12 18:23:34,295 [INFO] CodeEngine:287 - Generated code: C:\Users\yogo\STM32CubeIDE\workspace_1.18.1\stepper\Core\Src\stm32f4xx_hal_msp.c
2025-07-12 18:23:34,299 [INFO] CodeEngine:263 - oldGeneratedFile, C:\Users\yogo\STM32CubeIDE\workspace_1.18.1\stepper\MXTmpFiles\system.tmp_save
2025-07-12 18:23:34,364 [INFO] CodeEngine:287 - Generated code: C:\Users\yogo\STM32CubeIDE\workspace_1.18.1\stepper\MXTmpFiles\system.tmp
2025-07-12 18:23:34,387 [INFO] CodeEngine:319 - oldGeneratedFile, C:\Users\yogo\STM32CubeIDE\workspace_1.18.1\stepper\Core\Inc\stm32f4xx_hal_conf.h_save
2025-07-12 18:23:34,469 [INFO] CodeEngine:343 - Generated code: C:\Users\yogo\STM32CubeIDE\workspace_1.18.1\stepper\Core\Inc\stm32f4xx_hal_conf.h
2025-07-12 18:23:34,505 [INFO] ApiDbMcu:508 - Load IP Config File for CAN1
2025-07-12 18:23:34,508 [INFO] ApiDbMcu:508 - Load IP Config File for USART3
2025-07-12 18:23:34,511 [INFO] ApiDbMcu:508 - Load IP Config File for RCC
2025-07-12 18:23:34,522 [INFO] CodeEngine:263 - oldGeneratedFile, C:\Users\yogo\STM32CubeIDE\workspace_1.18.1\stepper\Core\Inc\main.h_save
2025-07-12 18:23:34,625 [INFO] CodeEngine:287 - Generated code: C:\Users\yogo\STM32CubeIDE\workspace_1.18.1\stepper\Core\Inc\main.h
2025-07-12 18:23:34,631 [INFO] CodeEngine:263 - oldGeneratedFile, C:\Users\yogo\STM32CubeIDE\workspace_1.18.1\stepper\Core\Src\main.c_save
2025-07-12 18:23:34,764 [INFO] CodeEngine:287 - Generated code: C:\Users\yogo\STM32CubeIDE\workspace_1.18.1\stepper\Core\Src\main.c
2025-07-12 18:23:35,255 [INFO] ProjectBuilder:3324 - Time for Copy HAL[1] : 287mS.
2025-07-12 18:23:35,262 [INFO] ProjectBuilder:4912 - Project Generator version: 4.6.0.1-B1
2025-07-12 18:23:35,436 [INFO] ConfigFileManager:1590 - The Die is : DIE413
2025-07-12 18:23:35,440 [INFO] ApiDbMcu:508 - Load IP Config File for FATFS
2025-07-12 18:23:35,446 [INFO] ApiDbMcu:508 - Load IP Config File for FREERTOS
2025-07-12 18:23:35,449 [INFO] ApiDbMcu:508 - Load IP Config File for LIBJPEG
2025-07-12 18:23:35,457 [INFO] ApiDbMcu:508 - Load IP Config File for LWIP
2025-07-12 18:23:35,466 [INFO] ApiDbMcu:508 - Load IP Config File for MBEDTLS
2025-07-12 18:23:35,477 [INFO] ApiDbMcu:508 - Load IP Config File for USB_DEVICE
2025-07-12 18:23:35,483 [INFO] ApiDbMcu:508 - Load IP Config File for USB_HOST
2025-07-12 18:23:37,690 [INFO] ProjectBuilder:5191 - Time for Generating toolchain IDE Files: 2427mS.
2025-07-12 18:23:37,694 [INFO] ProjectBuilder:3181 - Time for Copy CMSIS : 3mS.
2025-07-12 18:23:37,717 [INFO] ProjectBuilder:3181 - Time for Copy CMSIS : 0mS.
